[3.414s] Invoking command in '/home/racecar/racecar_ws/src/path_planning': PYTHONPATH=/home/racecar/racecar_ws/src/path_planning/build/path_planning/prefix_override:/home/racecar/racecar_ws/src/path_planning/install/path_planning/lib/python3.8/site-packages:${PYTHONPATH} /usr/bin/python3 setup.py egg_info --egg-base build/path_planning build --build-base /home/racecar/racecar_ws/src/path_planning/build/path_planning/build install --record /home/racecar/racecar_ws/src/path_planning/build/path_planning/install.log --install-scripts $base/lib/path_planning --single-version-externally-managed
[3.917s] running egg_info
[3.920s] writing build/path_planning/path_planning.egg-info/PKG-INFO
[3.943s] writing dependency_links to build/path_planning/path_planning.egg-info/dependency_links.txt
[3.951s] writing entry points to build/path_planning/path_planning.egg-info/entry_points.txt
[3.962s] writing requirements to build/path_planning/path_planning.egg-info/requires.txt
[3.973s] writing top-level names to build/path_planning/path_planning.egg-info/top_level.txt
[4.113s] reading manifest file 'build/path_planning/path_planning.egg-info/SOURCES.txt'
[4.154s] writing manifest file 'build/path_planning/path_planning.egg-info/SOURCES.txt'
[4.159s] running build
[4.166s] running build_py
[4.173s] copying path_planning/trajectory_planner.py -> /home/racecar/racecar_ws/src/path_planning/build/path_planning/build/lib/path_planning
[4.186s] running install
[4.190s] running install_lib
[4.204s] copying /home/racecar/racecar_ws/src/path_planning/build/path_planning/build/lib/path_planning/trajectory_planner.py -> /home/racecar/racecar_ws/src/path_planning/install/path_planning/lib/python3.8/site-packages/path_planning
[4.229s] byte-compiling /home/racecar/racecar_ws/src/path_planning/install/path_planning/lib/python3.8/site-packages/path_planning/trajectory_planner.py to trajectory_planner.cpython-38.pyc
[4.249s] running install_data
[4.308s] running install_egg_info
[4.318s] removing '/home/racecar/racecar_ws/src/path_planning/install/path_planning/lib/python3.8/site-packages/path_planning-0.0.0-py3.8.egg-info' (and everything under it)
[4.405s] Copying build/path_planning/path_planning.egg-info to /home/racecar/racecar_ws/src/path_planning/install/path_planning/lib/python3.8/site-packages/path_planning-0.0.0-py3.8.egg-info
[4.650s] running install_scripts
[4.782s] Installing trajectory_builder script to /home/racecar/racecar_ws/src/path_planning/install/path_planning/lib/path_planning
[4.821s] Installing trajectory_follower script to /home/racecar/racecar_ws/src/path_planning/install/path_planning/lib/path_planning
[4.837s] Installing trajectory_loader script to /home/racecar/racecar_ws/src/path_planning/install/path_planning/lib/path_planning
[4.855s] Installing trajectory_planner script to /home/racecar/racecar_ws/src/path_planning/install/path_planning/lib/path_planning
[4.873s] writing list of installed files to '/home/racecar/racecar_ws/src/path_planning/build/path_planning/install.log'
[4.942s] Invoked command in '/home/racecar/racecar_ws/src/path_planning' returned '0': PYTHONPATH=/home/racecar/racecar_ws/src/path_planning/build/path_planning/prefix_override:/home/racecar/racecar_ws/src/path_planning/install/path_planning/lib/python3.8/site-packages:${PYTHONPATH} /usr/bin/python3 setup.py egg_info --egg-base build/path_planning build --build-base /home/racecar/racecar_ws/src/path_planning/build/path_planning/build install --record /home/racecar/racecar_ws/src/path_planning/build/path_planning/install.log --install-scripts $base/lib/path_planning --single-version-externally-managed
