[0.000000] (-) TimerEvent: {}
[0.002673] (path_planning) JobQueued: {'identifier': 'path_planning', 'dependencies': OrderedDict()}
[0.003807] (path_planning) JobStarted: {'identifier': 'path_planning'}
[0.096296] (-) TimerEvent: {}
[0.197968] (-) TimerEvent: {}
[0.301090] (-) TimerEvent: {}
[0.408494] (-) TimerEvent: {}
[0.538840] (-) TimerEvent: {}
[0.640252] (-) TimerEvent: {}
[0.742044] (-) TimerEvent: {}
[0.844063] (-) TimerEvent: {}
[0.946441] (-) TimerEvent: {}
[1.049086] (-) TimerEvent: {}
[1.164848] (-) TimerEvent: {}
[1.275394] (-) TimerEvent: {}
[1.387736] (-) TimerEvent: {}
[1.489258] (-) TimerEvent: {}
[1.597366] (-) TimerEvent: {}
[1.702210] (-) TimerEvent: {}
[1.806448] (-) TimerEvent: {}
[1.910257] (-) TimerEvent: {}
[2.011364] (-) TimerEvent: {}
[2.112963] (-) TimerEvent: {}
[2.214390] (-) TimerEvent: {}
[2.315655] (-) TimerEvent: {}
[2.416702] (-) TimerEvent: {}
[2.518208] (-) TimerEvent: {}
[2.566471] (path_planning) Command: {'cmd': ['/usr/bin/python3', 'setup.py', 'egg_info', '--egg-base', 'build/path_planning', 'build', '--build-base', '/home/racecar/racecar_ws/src/path_planning/build/path_planning/build', 'install', '--record', '/home/racecar/racecar_ws/src/path_planning/build/path_planning/install.log', '--install-scripts', '$base/lib/path_planning', '--single-version-externally-managed'], 'cwd': '/home/racecar/racecar_ws/src/path_planning', 'env': {'PYTHONIOENCODING': 'utf-8', 'HOSTNAME': '7ad6957a439e', 'ROS_PACKAGE_PATH': '/home/racecar/racecar_ws/install/final_racecar_simulator/share:/home/racecar/racecar_ws/src/final_challenge2024/city_driving/final_racecar_simulator/install/final_racecar_simulator/share', 'SHLVL': '1', 'LD_LIBRARY_PATH': '/home/racecar/racecar_ws/install/vs_msgs/lib:/home/racecar/racecar_ws/install/custom_msgs/lib:/opt/ros/foxy/opt/yaml_cpp_vendor/lib:/opt/ros/foxy/opt/rviz_ogre_vendor/lib:/opt/ros/foxy/lib/x86_64-linux-gnu:/opt/ros/foxy/lib', 'HOME': '/home/racecar', 'OLDPWD': '/home/racecar/racecar_ws/src', 'ROS_PYTHON_VERSION': '3', 'COLCON_PREFIX_PATH': '/home/racecar/racecar_ws/src/path_planning/install:/home/racecar/racecar_ws/src/final_challenge2024/city_driving/map_launch/install:/home/racecar/racecar_ws/install:/home/racecar/racecar_ws/src/final_challenge2024/city_driving/final_racecar_simulator/install:/home/sim_ws/install', 'ROS_DISTRO': 'foxy', '_': '/usr/bin/colcon', 'ROS_VERSION': '2', 'PKG_CONFIG_PATH': '/home/racecar/racecar_ws/install/final_racecar_simulator/lib/x86_64-linux-gnu/pkgconfig:/home/racecar/racecar_ws/install/final_racecar_simulator/lib/pkgconfig:/home/racecar/racecar_ws/src/final_challenge2024/city_driving/final_racecar_simulator/install/final_racecar_simulator/lib/x86_64-linux-gnu/pkgconfig:/home/racecar/racecar_ws/src/final_challenge2024/city_driving/final_racecar_simulator/install/final_racecar_simulator/lib/pkgconfig', 'TERM': 'xterm', 'ROS_LOCALHOST_ONLY': '0', 'PATH': '/opt/ros/foxy/bin:/usr/local/sbin:/usr/local/bin:/usr/sbin:/usr/bin:/sbin:/bin', 'LANG': 'en_US.UTF-8', 'AMENT_PREFIX_PATH': '/home/racecar/racecar_ws/src/path_planning/install/path_planning:/home/sim_ws/install/racecar_simulator:/home/racecar/racecar_ws/install/wall_follower:/home/racecar/racecar_ws/install/visual_servoing:/home/racecar/racecar_ws/install/ros_exercises:/home/racecar/racecar_ws/install/path_planning:/home/racecar/racecar_ws/install/localization:/opt/ros/foxy', 'SIM_WS': '/home/sim_ws', 'PWD': '/home/racecar/racecar_ws/src/path_planning/build/path_planning', 'PYTHONPATH': '/home/racecar/racecar_ws/src/path_planning/build/path_planning/prefix_override:/home/racecar/racecar_ws/src/path_planning/install/path_planning/lib/python3.8/site-packages:/home/racecar/racecar_ws/src/path_planning/install/path_planning/lib/python3.8/site-packages:/home/racecar/racecar_ws/build/wall_follower:/home/racecar/racecar_ws/install/wall_follower/lib/python3.8/site-packages:/home/racecar/racecar_ws/install/vs_msgs/lib/python3.8/site-packages:/home/racecar/racecar_ws/build/visual_servoing:/home/racecar/racecar_ws/install/visual_servoing/lib/python3.8/site-packages:/home/racecar/racecar_ws/build/ros_exercises:/home/racecar/racecar_ws/install/ros_exercises/lib/python3.8/site-packages:/home/racecar/racecar_ws/build/path_planning:/home/racecar/racecar_ws/install/path_planning/lib/python3.8/site-packages:/home/racecar/racecar_ws/build/localization:/home/racecar/racecar_ws/install/localization/lib/python3.8/site-packages:/home/racecar/racecar_ws/install/custom_msgs/lib/python3.8/site-packages:/opt/ros/foxy/lib/python3.8/site-packages', 'NO_VNC_VERSION': '1.4.0', 'COLCON': '1', 'CMAKE_PREFIX_PATH': '/home/sim_ws/install/racecar_simulator:/home/racecar/racecar_ws/install/vs_msgs:/home/racecar/racecar_ws/install/custom_msgs'}, 'shell': False}
[2.618418] (-) TimerEvent: {}
[2.719705] (-) TimerEvent: {}
[2.821177] (-) TimerEvent: {}
[2.922506] (-) TimerEvent: {}
[2.958826] (path_planning) StdoutLine: {'line': b'running egg_info\n'}
[2.962385] (path_planning) StdoutLine: {'line': b'writing build/path_planning/path_planning.egg-info/PKG-INFO\n'}
[2.966054] (path_planning) StdoutLine: {'line': b'writing dependency_links to build/path_planning/path_planning.egg-info/dependency_links.txt\n'}
[2.974229] (path_planning) StdoutLine: {'line': b'writing entry points to build/path_planning/path_planning.egg-info/entry_points.txt\n'}
[2.979261] (path_planning) StdoutLine: {'line': b'writing requirements to build/path_planning/path_planning.egg-info/requires.txt\n'}
[2.982499] (path_planning) StdoutLine: {'line': b'writing top-level names to build/path_planning/path_planning.egg-info/top_level.txt\n'}
[3.022995] (-) TimerEvent: {}
[3.047225] (path_planning) StdoutLine: {'line': b"reading manifest file 'build/path_planning/path_planning.egg-info/SOURCES.txt'\n"}
[3.058649] (path_planning) StdoutLine: {'line': b"writing manifest file 'build/path_planning/path_planning.egg-info/SOURCES.txt'\n"}
[3.063718] (path_planning) StdoutLine: {'line': b'running build\n'}
[3.067972] (path_planning) StdoutLine: {'line': b'running build_py\n'}
[3.072120] (path_planning) StdoutLine: {'line': b'running install\n'}
[3.075798] (path_planning) StdoutLine: {'line': b'running install_lib\n'}
[3.080562] (path_planning) StdoutLine: {'line': b'running install_data\n'}
[3.084135] (path_planning) StdoutLine: {'line': b'copying launch/map_server.launch.py -> /home/racecar/racecar_ws/src/path_planning/install/path_planning/share/path_planning/launch\n'}
[3.091342] (path_planning) StdoutLine: {'line': b'running install_egg_info\n'}
[3.095677] (path_planning) StdoutLine: {'line': b"removing '/home/racecar/racecar_ws/src/path_planning/install/path_planning/lib/python3.8/site-packages/path_planning-0.0.0-py3.8.egg-info' (and everything under it)\n"}
[3.118150] (path_planning) StdoutLine: {'line': b'Copying build/path_planning/path_planning.egg-info to /home/racecar/racecar_ws/src/path_planning/install/path_planning/lib/python3.8/site-packages/path_planning-0.0.0-py3.8.egg-info\n'}
[3.123090] (-) TimerEvent: {}
[3.224812] (-) TimerEvent: {}
[3.248619] (path_planning) StdoutLine: {'line': b'running install_scripts\n'}
[3.292970] (path_planning) StdoutLine: {'line': b'Installing trajectory_builder script to /home/racecar/racecar_ws/src/path_planning/install/path_planning/lib/path_planning\n'}
[3.303046] (path_planning) StdoutLine: {'line': b'Installing trajectory_follower script to /home/racecar/racecar_ws/src/path_planning/install/path_planning/lib/path_planning\n'}
[3.312558] (path_planning) StdoutLine: {'line': b'Installing trajectory_loader script to /home/racecar/racecar_ws/src/path_planning/install/path_planning/lib/path_planning\n'}
[3.325139] (-) TimerEvent: {}
[3.326556] (path_planning) StdoutLine: {'line': b'Installing trajectory_planner script to /home/racecar/racecar_ws/src/path_planning/install/path_planning/lib/path_planning\n'}
[3.337651] (path_planning) StdoutLine: {'line': b"writing list of installed files to '/home/racecar/racecar_ws/src/path_planning/build/path_planning/install.log'\n"}
[3.384748] (path_planning) CommandEnded: {'returncode': 0}
[3.431519] (-) TimerEvent: {}
[3.536373] (-) TimerEvent: {}
[3.641286] (-) TimerEvent: {}
[3.706028] (path_planning) JobEnded: {'identifier': 'path_planning', 'rc': 0}
[3.716816] (-) EventReactorShutdown: {}
