[3.241s] DEBUG:colcon:Command line arguments: ['/usr/bin/colcon', 'build']
[3.241s] DEBUG:colcon:Parsed command line arguments: Namespace(ament_cmake_args=None, base_paths=['.'], build_base='build', catkin_cmake_args=None, catkin_skip_building_tests=False, cmake_args=None, cmake_clean_cache=False, cmake_clean_first=False, cmake_force_configure=False, cmake_target=None, cmake_target_skip_unavailable=False, continue_on_error=False, event_handlers=None, executor='parallel', ignore_user_meta=False, install_base='install', log_base=None, log_level=None, main=<bound method BuildVerb.main of <colcon_core.verb.build.BuildVerb object at 0x7fca02f43bb0>>, merge_install=False, metas=['./colcon.meta'], packages_above=None, packages_above_and_dependencies=None, packages_above_depth=None, packages_end=None, packages_ignore=None, packages_ignore_regex=None, packages_select=None, packages_select_build_failed=False, packages_select_by_dep=None, packages_select_regex=None, packages_select_test_failures=False, packages_skip=None, packages_skip_build_finished=False, packages_skip_by_dep=None, packages_skip_regex=None, packages_skip_test_passed=False, packages_skip_up_to=None, packages_start=None, packages_up_to=None, packages_up_to_regex=None, parallel_workers=6, paths=None, symlink_install=False, test_result_base=None, verb_extension=<colcon_core.verb.build.BuildVerb object at 0x7fca02f43bb0>, verb_name='build', verb_parser=<colcon_defaults.argument_parser.defaults.DefaultArgumentsDecorator object at 0x7fca02bd6610>)
[3.469s] Level 1:colcon.colcon_core.package_discovery:discover_packages(colcon_meta) check parameters
[3.472s] Level 1:colcon.colcon_core.package_discovery:discover_packages(recursive) check parameters
[3.473s] Level 1:colcon.colcon_core.package_discovery:discover_packages(ignore) check parameters
[3.473s] Level 1:colcon.colcon_core.package_discovery:discover_packages(path) check parameters
[3.474s] Level 1:colcon.colcon_core.package_discovery:discover_packages(colcon_meta) discover
[3.475s] Level 1:colcon.colcon_core.package_discovery:discover_packages(recursive) discover
[3.475s] INFO:colcon.colcon_core.package_discovery:Crawling recursively for packages in '/home/racecar/racecar_ws/src/path_planning'
[3.480s] Level 1:colcon.colcon_core.package_identification:_identify(.) by extensions ['ignore', 'ignore_ament_install']
[3.481s] Level 1:colcon.colcon_core.package_identification:_identify(.) by extension 'ignore'
[3.482s] Level 1:colcon.colcon_core.package_identification:_identify(.) by extension 'ignore_ament_install'
[3.484s] Level 1:colcon.colcon_core.package_identification:_identify(.) by extensions ['colcon_pkg']
[3.485s] Level 1:colcon.colcon_core.package_identification:_identify(.) by extension 'colcon_pkg'
[3.486s] Level 1:colcon.colcon_core.package_identification:_identify(.) by extensions ['colcon_meta']
[3.486s] Level 1:colcon.colcon_core.package_identification:_identify(.) by extension 'colcon_meta'
[3.487s] Level 1:colcon.colcon_core.package_identification:_identify(.) by extensions ['ros']
[3.488s] Level 1:colcon.colcon_core.package_identification:_identify(.) by extension 'ros'
[3.511s] DEBUG:colcon.colcon_core.package_identification:Package '.' with type 'ros.ament_python' and name 'path_planning'
[3.512s] Level 1:colcon.colcon_core.package_discovery:discover_packages(recursive) using defaults
[3.513s] Level 1:colcon.colcon_core.package_discovery:discover_packages(ignore) discover
[3.513s] Level 1:colcon.colcon_core.package_discovery:discover_packages(ignore) using defaults
[3.514s] Level 1:colcon.colcon_core.package_discovery:discover_packages(path) discover
[3.515s] Level 1:colcon.colcon_core.package_discovery:discover_packages(path) using defaults
[3.941s] Level 5:colcon.colcon_core.verb:set package 'path_planning' build argument 'cmake_args' from command line to 'None'
[3.942s] Level 5:colcon.colcon_core.verb:set package 'path_planning' build argument 'cmake_target' from command line to 'None'
[3.943s] Level 5:colcon.colcon_core.verb:set package 'path_planning' build argument 'cmake_target_skip_unavailable' from command line to 'False'
[3.945s] Level 5:colcon.colcon_core.verb:set package 'path_planning' build argument 'cmake_clean_cache' from command line to 'False'
[3.946s] Level 5:colcon.colcon_core.verb:set package 'path_planning' build argument 'cmake_clean_first' from command line to 'False'
[3.947s] Level 5:colcon.colcon_core.verb:set package 'path_planning' build argument 'cmake_force_configure' from command line to 'False'
[3.948s] Level 5:colcon.colcon_core.verb:set package 'path_planning' build argument 'ament_cmake_args' from command line to 'None'
[3.949s] Level 5:colcon.colcon_core.verb:set package 'path_planning' build argument 'catkin_cmake_args' from command line to 'None'
[3.950s] Level 5:colcon.colcon_core.verb:set package 'path_planning' build argument 'catkin_skip_building_tests' from command line to 'False'
[3.950s] DEBUG:colcon.colcon_core.verb:Building package 'path_planning' with the following arguments: {'ament_cmake_args': None, 'build_base': '/home/racecar/racecar_ws/src/path_planning/build/path_planning', 'catkin_cmake_args': None, 'catkin_skip_building_tests': False, 'cmake_args': None, 'cmake_clean_cache': False, 'cmake_clean_first': False, 'cmake_force_configure': False, 'cmake_target': None, 'cmake_target_skip_unavailable': False, 'install_base': '/home/racecar/racecar_ws/src/path_planning/install/path_planning', 'merge_install': False, 'path': '/home/racecar/racecar_ws/src/path_planning', 'symlink_install': False, 'test_result_base': None}
[4.024s] INFO:colcon.colcon_core.executor:Executing jobs using 'parallel' executor
[4.084s] DEBUG:colcon.colcon_parallel_executor.executor.parallel:run_until_complete
[4.085s] INFO:colcon.colcon_ros.task.ament_python.build:Building ROS package in '/home/racecar/racecar_ws/src/path_planning' with build type 'ament_python'
[4.086s] Level 1:colcon.colcon_core.shell:create_environment_hook('path_planning', 'ament_prefix_path')
[4.147s] INFO:colcon.colcon_core.plugin_system:Skipping extension 'colcon_core.shell.bat': Not used on non-Windows systems
[4.148s] INFO:colcon.colcon_core.shell:Creating environment hook '/home/racecar/racecar_ws/src/path_planning/install/path_planning/share/path_planning/hook/ament_prefix_path.ps1'
[4.171s] INFO:colcon.colcon_core.shell:Creating environment descriptor '/home/racecar/racecar_ws/src/path_planning/install/path_planning/share/path_planning/hook/ament_prefix_path.dsv'
[4.243s] INFO:colcon.colcon_core.shell:Creating environment hook '/home/racecar/racecar_ws/src/path_planning/install/path_planning/share/path_planning/hook/ament_prefix_path.sh'
[4.313s] INFO:colcon.colcon_core.shell:Skip shell extension 'powershell' for command environment: Not usable outside of PowerShell
[4.314s] DEBUG:colcon.colcon_core.shell:Skip shell extension 'dsv' for command environment
[5.510s] INFO:colcon.colcon_core.task.python.build:Building Python package in '/home/racecar/racecar_ws/src/path_planning'
[5.596s] INFO:colcon.colcon_core.shell:Skip shell extension 'powershell' for command environment: Not usable outside of PowerShell
[5.599s] DEBUG:colcon.colcon_core.shell:Skip shell extension 'dsv' for command environment
[7.509s] DEBUG:colcon.colcon_core.event_handler.log_command:Invoking command in '/home/racecar/racecar_ws/src/path_planning': PYTHONPATH=/home/racecar/racecar_ws/src/path_planning/build/path_planning/prefix_override:/home/racecar/racecar_ws/src/path_planning/install/path_planning/lib/python3.8/site-packages:${PYTHONPATH} /usr/bin/python3 setup.py egg_info --egg-base build/path_planning build --build-base /home/racecar/racecar_ws/src/path_planning/build/path_planning/build install --record /home/racecar/racecar_ws/src/path_planning/build/path_planning/install.log --install-scripts $base/lib/path_planning --single-version-externally-managed
[9.039s] DEBUG:colcon.colcon_core.event_handler.log_command:Invoked command in '/home/racecar/racecar_ws/src/path_planning' returned '0': PYTHONPATH=/home/racecar/racecar_ws/src/path_planning/build/path_planning/prefix_override:/home/racecar/racecar_ws/src/path_planning/install/path_planning/lib/python3.8/site-packages:${PYTHONPATH} /usr/bin/python3 setup.py egg_info --egg-base build/path_planning build --build-base /home/racecar/racecar_ws/src/path_planning/build/path_planning/build install --record /home/racecar/racecar_ws/src/path_planning/build/path_planning/install.log --install-scripts $base/lib/path_planning --single-version-externally-managed
[9.127s] Level 1:colcon.colcon_core.environment:checking '/home/racecar/racecar_ws/src/path_planning/install/path_planning' for CMake module files
[9.168s] Level 1:colcon.colcon_core.environment:checking '/home/racecar/racecar_ws/src/path_planning/install/path_planning' for CMake config files
[9.206s] Level 1:colcon.colcon_core.environment:checking '/home/racecar/racecar_ws/src/path_planning/install/path_planning/lib'
[9.208s] Level 1:colcon.colcon_core.environment:checking '/home/racecar/racecar_ws/src/path_planning/install/path_planning/bin'
[9.211s] Level 1:colcon.colcon_core.environment:checking '/home/racecar/racecar_ws/src/path_planning/install/path_planning/lib/pkgconfig/path_planning.pc'
[9.218s] Level 1:colcon.colcon_core.environment:checking '/home/racecar/racecar_ws/src/path_planning/install/path_planning/lib/python3.8/site-packages'
[9.221s] Level 1:colcon.colcon_core.shell:create_environment_hook('path_planning', 'pythonpath')
[9.307s] INFO:colcon.colcon_core.shell:Creating environment hook '/home/racecar/racecar_ws/src/path_planning/install/path_planning/share/path_planning/hook/pythonpath.ps1'
[9.317s] INFO:colcon.colcon_core.shell:Creating environment descriptor '/home/racecar/racecar_ws/src/path_planning/install/path_planning/share/path_planning/hook/pythonpath.dsv'
[9.326s] INFO:colcon.colcon_core.shell:Creating environment hook '/home/racecar/racecar_ws/src/path_planning/install/path_planning/share/path_planning/hook/pythonpath.sh'
[9.337s] Level 1:colcon.colcon_core.environment:checking '/home/racecar/racecar_ws/src/path_planning/install/path_planning/bin'
[9.339s] Level 1:colcon.colcon_core.environment:create_environment_scripts_only(path_planning)
[9.430s] INFO:colcon.colcon_core.shell:Creating package script '/home/racecar/racecar_ws/src/path_planning/install/path_planning/share/path_planning/package.ps1'
[9.442s] INFO:colcon.colcon_core.shell:Creating package descriptor '/home/racecar/racecar_ws/src/path_planning/install/path_planning/share/path_planning/package.dsv'
[9.455s] INFO:colcon.colcon_core.shell:Creating package script '/home/racecar/racecar_ws/src/path_planning/install/path_planning/share/path_planning/package.sh'
[9.475s] INFO:colcon.colcon_core.shell:Creating package script '/home/racecar/racecar_ws/src/path_planning/install/path_planning/share/path_planning/package.bash'
[9.497s] INFO:colcon.colcon_core.shell:Creating package script '/home/racecar/racecar_ws/src/path_planning/install/path_planning/share/path_planning/package.zsh'
[9.517s] Level 1:colcon.colcon_core.environment:create_file_with_runtime_dependencies(/home/racecar/racecar_ws/src/path_planning/install/path_planning/share/colcon-core/packages/path_planning)
[9.540s] DEBUG:colcon.colcon_parallel_executor.executor.parallel:closing loop
[9.544s] DEBUG:colcon.colcon_parallel_executor.executor.parallel:loop closed
[9.546s] DEBUG:colcon.colcon_parallel_executor.executor.parallel:run_until_complete finished with '0'
[9.547s] DEBUG:colcon.colcon_core.event_reactor:joining thread
[9.705s] INFO:colcon.colcon_core.plugin_system:Skipping extension 'colcon_notification.desktop_notification.notify_send': Could not find 'notify-send'
[9.707s] INFO:colcon.colcon_core.plugin_system:Skipping extension 'colcon_notification.desktop_notification.terminal_notifier': Not used on non-Darwin systems
[9.708s] INFO:colcon.colcon_core.plugin_system:Skipping extension 'colcon_notification.desktop_notification.win32': Not used on non-Windows systems
[9.709s] INFO:colcon.colcon_notification.desktop_notification:Sending desktop notification using 'notify2'
[9.710s] DEBUG:colcon.colcon_notification.desktop_notification.notify2:Failed to initialize notify2: org.freedesktop.DBus.Error.NotSupported: Unable to autolaunch a dbus-daemon without a $DISPLAY for X11
[9.712s] DEBUG:colcon.colcon_core.event_reactor:joined thread
[9.802s] INFO:colcon.colcon_core.shell:Creating prefix script '/home/racecar/racecar_ws/src/path_planning/install/local_setup.ps1'
[9.811s] INFO:colcon.colcon_core.shell:Creating prefix util module '/home/racecar/racecar_ws/src/path_planning/install/_local_setup_util_ps1.py'
[9.821s] INFO:colcon.colcon_core.shell:Creating prefix chain script '/home/racecar/racecar_ws/src/path_planning/install/setup.ps1'
[9.936s] INFO:colcon.colcon_core.shell:Creating prefix script '/home/racecar/racecar_ws/src/path_planning/install/local_setup.sh'
[9.944s] INFO:colcon.colcon_core.shell:Creating prefix util module '/home/racecar/racecar_ws/src/path_planning/install/_local_setup_util_sh.py'
[9.957s] INFO:colcon.colcon_core.shell:Creating prefix chain script '/home/racecar/racecar_ws/src/path_planning/install/setup.sh'
[10.124s] INFO:colcon.colcon_core.shell:Creating prefix script '/home/racecar/racecar_ws/src/path_planning/install/local_setup.bash'
[10.140s] INFO:colcon.colcon_core.shell:Creating prefix chain script '/home/racecar/racecar_ws/src/path_planning/install/setup.bash'
[10.290s] INFO:colcon.colcon_core.shell:Creating prefix script '/home/racecar/racecar_ws/src/path_planning/install/local_setup.zsh'
[10.299s] INFO:colcon.colcon_core.shell:Creating prefix chain script '/home/racecar/racecar_ws/src/path_planning/install/setup.zsh'
