[3.733s] Invoking command in '/home/racecar/racecar_ws/src/path_planning': PYTHONPATH=/home/racecar/racecar_ws/src/path_planning/build/path_planning/prefix_override:/home/racecar/racecar_ws/src/path_planning/install/path_planning/lib/python3.8/site-packages:${PYTHONPATH} /usr/bin/python3 setup.py egg_info --egg-base build/path_planning build --build-base /home/racecar/racecar_ws/src/path_planning/build/path_planning/build install --record /home/racecar/racecar_ws/src/path_planning/build/path_planning/install.log --install-scripts $base/lib/path_planning --single-version-externally-managed
[4.453s] running egg_info
[4.459s] writing build/path_planning/path_planning.egg-info/PKG-INFO
[4.467s] writing dependency_links to build/path_planning/path_planning.egg-info/dependency_links.txt
[4.476s] writing entry points to build/path_planning/path_planning.egg-info/entry_points.txt
[4.488s] writing requirements to build/path_planning/path_planning.egg-info/requires.txt
[4.497s] writing top-level names to build/path_planning/path_planning.egg-info/top_level.txt
[4.649s] reading manifest file 'build/path_planning/path_planning.egg-info/SOURCES.txt'
[4.668s] writing manifest file 'build/path_planning/path_planning.egg-info/SOURCES.txt'
[4.673s] running build
[4.676s] running build_py
[4.682s] copying path_planning/trajectory_follower.py -> /home/racecar/racecar_ws/src/path_planning/build/path_planning/build/lib/path_planning
[4.700s] copying path_planning/trajectory_planner.py -> /home/racecar/racecar_ws/src/path_planning/build/path_planning/build/lib/path_planning
[4.719s] running install
[4.723s] running install_lib
[4.731s] copying /home/racecar/racecar_ws/src/path_planning/build/path_planning/build/lib/path_planning/trajectory_follower.py -> /home/racecar/racecar_ws/src/path_planning/install/path_planning/lib/python3.8/site-packages/path_planning
[4.757s] copying /home/racecar/racecar_ws/src/path_planning/build/path_planning/build/lib/path_planning/trajectory_planner.py -> /home/racecar/racecar_ws/src/path_planning/install/path_planning/lib/python3.8/site-packages/path_planning
[4.780s] byte-compiling /home/racecar/racecar_ws/src/path_planning/install/path_planning/lib/python3.8/site-packages/path_planning/trajectory_follower.py to trajectory_follower.cpython-38.pyc
[4.814s] byte-compiling /home/racecar/racecar_ws/src/path_planning/install/path_planning/lib/python3.8/site-packages/path_planning/trajectory_planner.py to trajectory_planner.cpython-38.pyc
[4.841s] running install_data
[4.889s] running install_egg_info
[4.894s] removing '/home/racecar/racecar_ws/src/path_planning/install/path_planning/lib/python3.8/site-packages/path_planning-0.0.0-py3.8.egg-info' (and everything under it)
[4.915s] Copying build/path_planning/path_planning.egg-info to /home/racecar/racecar_ws/src/path_planning/install/path_planning/lib/python3.8/site-packages/path_planning-0.0.0-py3.8.egg-info
[5.125s] running install_scripts
[5.180s] Installing trajectory_builder script to /home/racecar/racecar_ws/src/path_planning/install/path_planning/lib/path_planning
[5.197s] Installing trajectory_follower script to /home/racecar/racecar_ws/src/path_planning/install/path_planning/lib/path_planning
[5.211s] Installing trajectory_loader script to /home/racecar/racecar_ws/src/path_planning/install/path_planning/lib/path_planning
[5.227s] Installing trajectory_planner script to /home/racecar/racecar_ws/src/path_planning/install/path_planning/lib/path_planning
[5.251s] writing list of installed files to '/home/racecar/racecar_ws/src/path_planning/build/path_planning/install.log'
[5.345s] Invoked command in '/home/racecar/racecar_ws/src/path_planning' returned '0': PYTHONPATH=/home/racecar/racecar_ws/src/path_planning/build/path_planning/prefix_override:/home/racecar/racecar_ws/src/path_planning/install/path_planning/lib/python3.8/site-packages:${PYTHONPATH} /usr/bin/python3 setup.py egg_info --egg-base build/path_planning build --build-base /home/racecar/racecar_ws/src/path_planning/build/path_planning/build install --record /home/racecar/racecar_ws/src/path_planning/build/path_planning/install.log --install-scripts $base/lib/path_planning --single-version-externally-managed
