[0.000000] (-) TimerEvent: {}
[0.000789] (path_planning) JobQueued: {'identifier': 'path_planning', 'dependencies': OrderedDict()}
[0.003260] (path_planning) JobStarted: {'identifier': 'path_planning'}
[0.096692] (-) TimerEvent: {}
[0.198002] (-) TimerEvent: {}
[0.299134] (-) TimerEvent: {}
[0.400865] (-) TimerEvent: {}
[0.504330] (-) TimerEvent: {}
[0.611529] (-) TimerEvent: {}
[0.714170] (-) TimerEvent: {}
[0.815184] (-) TimerEvent: {}
[0.916596] (-) TimerEvent: {}
[1.020983] (-) TimerEvent: {}
[1.122667] (-) TimerEvent: {}
[1.232782] (-) TimerEvent: {}
[1.336452] (-) TimerEvent: {}
[1.439360] (-) TimerEvent: {}
[1.540993] (-) TimerEvent: {}
[1.642594] (-) TimerEvent: {}
[1.744464] (-) TimerEvent: {}
[1.847567] (-) TimerEvent: {}
[1.949436] (-) TimerEvent: {}
[2.051202] (-) TimerEvent: {}
[2.152533] (-) TimerEvent: {}
[2.253652] (-) TimerEvent: {}
[2.354834] (-) TimerEvent: {}
[2.455793] (-) TimerEvent: {}
[2.557024] (-) TimerEvent: {}
[2.616088] (path_planning) Command: {'cmd': ['/usr/bin/python3', 'setup.py', 'develop', '--uninstall', '--editable', '--build-directory', '/home/racecar/racecar_ws/src/path_planning/build/path_planning/build'], 'cwd': '/home/racecar/racecar_ws/src/path_planning/build/path_planning', 'env': {'PYTHONIOENCODING': 'utf-8', 'HOSTNAME': '58fd43e968c6', 'ROS_PACKAGE_PATH': '/home/racecar/racecar_ws/install/final_racecar_simulator/share', 'SHLVL': '1', 'LD_LIBRARY_PATH': '/home/racecar/racecar_ws/install/vs_msgs/lib:/home/racecar/racecar_ws/install/custom_msgs/lib:/opt/ros/foxy/opt/yaml_cpp_vendor/lib:/opt/ros/foxy/opt/rviz_ogre_vendor/lib:/opt/ros/foxy/lib/x86_64-linux-gnu:/opt/ros/foxy/lib', 'HOME': '/home/racecar', 'OLDPWD': '/home/racecar/racecar_ws/src', 'ROS_PYTHON_VERSION': '3', 'COLCON_PREFIX_PATH': '/home/racecar/racecar_ws/src/path_planning/install:/home/sim_ws/install:/home/racecar/racecar_ws/install', 'ROS_DISTRO': 'foxy', '_': '/usr/bin/colcon', 'ROS_VERSION': '2', 'PKG_CONFIG_PATH': '/home/racecar/racecar_ws/install/final_racecar_simulator/lib/x86_64-linux-gnu/pkgconfig:/home/racecar/racecar_ws/install/final_racecar_simulator/lib/pkgconfig', 'TERM': 'xterm', 'ROS_LOCALHOST_ONLY': '0', 'PATH': '/opt/ros/foxy/bin:/usr/local/sbin:/usr/local/bin:/usr/sbin:/usr/bin:/sbin:/bin', 'LANG': 'en_US.UTF-8', 'AMENT_PREFIX_PATH': '/home/racecar/racecar_ws/src/path_planning/install/path_planning:/home/sim_ws/install/racecar_simulator:/home/racecar/racecar_ws/install/wall_follower:/home/racecar/racecar_ws/install/visual_servoing:/home/racecar/racecar_ws/install/ros_exercises:/home/racecar/racecar_ws/install/path_planning:/home/racecar/racecar_ws/install/localization:/opt/ros/foxy', 'SIM_WS': '/home/sim_ws', 'PWD': '/home/racecar/racecar_ws/src/path_planning/build/path_planning', 'PYTHONPATH': '/home/racecar/racecar_ws/src/path_planning/build/path_planning/prefix_override:/home/racecar/racecar_ws/src/path_planning/install/path_planning/lib/python3.8/site-packages:/home/racecar/racecar_ws/src/path_planning/build/path_planning:/home/racecar/racecar_ws/src/path_planning/install/path_planning/lib/python3.8/site-packages:/home/racecar/racecar_ws/build/wall_follower:/home/racecar/racecar_ws/install/wall_follower/lib/python3.8/site-packages:/home/racecar/racecar_ws/install/vs_msgs/lib/python3.8/site-packages:/home/racecar/racecar_ws/build/visual_servoing:/home/racecar/racecar_ws/install/visual_servoing/lib/python3.8/site-packages:/home/racecar/racecar_ws/build/ros_exercises:/home/racecar/racecar_ws/install/ros_exercises/lib/python3.8/site-packages:/home/racecar/racecar_ws/build/path_planning:/home/racecar/racecar_ws/install/path_planning/lib/python3.8/site-packages:/home/racecar/racecar_ws/build/localization:/home/racecar/racecar_ws/install/localization/lib/python3.8/site-packages:/home/racecar/racecar_ws/install/custom_msgs/lib/python3.8/site-packages:/opt/ros/foxy/lib/python3.8/site-packages', 'NO_VNC_VERSION': '1.4.0', 'COLCON': '1', 'CMAKE_PREFIX_PATH': '/home/sim_ws/install/racecar_simulator:/home/racecar/racecar_ws/install/vs_msgs:/home/racecar/racecar_ws/install/custom_msgs'}, 'shell': False}
[2.657422] (-) TimerEvent: {}
[2.759764] (-) TimerEvent: {}
[2.861063] (-) TimerEvent: {}
[2.962519] (-) TimerEvent: {}
[3.063887] (-) TimerEvent: {}
[3.165863] (-) TimerEvent: {}
[3.184383] (path_planning) StdoutLine: {'line': b'running develop\n'}
[3.266116] (-) TimerEvent: {}
[3.367170] (-) TimerEvent: {}
[3.468383] (-) TimerEvent: {}
[3.570668] (-) TimerEvent: {}
[3.587734] (path_planning) StdoutLine: {'line': b'Removing /home/racecar/racecar_ws/src/path_planning/install/path_planning/lib/python3.8/site-packages/path-planning.egg-link (link to .)\n'}
[3.632139] (path_planning) CommandEnded: {'returncode': 0}
[3.644698] (path_planning) Command: {'cmd': ['/usr/bin/python3', 'setup.py', 'egg_info', '--egg-base', 'build/path_planning', 'build', '--build-base', '/home/racecar/racecar_ws/src/path_planning/build/path_planning/build', 'install', '--record', '/home/racecar/racecar_ws/src/path_planning/build/path_planning/install.log', '--install-scripts', '$base/lib/path_planning', '--single-version-externally-managed'], 'cwd': '/home/racecar/racecar_ws/src/path_planning', 'env': {'PYTHONIOENCODING': 'utf-8', 'HOSTNAME': '58fd43e968c6', 'ROS_PACKAGE_PATH': '/home/racecar/racecar_ws/install/final_racecar_simulator/share', 'SHLVL': '1', 'LD_LIBRARY_PATH': '/home/racecar/racecar_ws/install/vs_msgs/lib:/home/racecar/racecar_ws/install/custom_msgs/lib:/opt/ros/foxy/opt/yaml_cpp_vendor/lib:/opt/ros/foxy/opt/rviz_ogre_vendor/lib:/opt/ros/foxy/lib/x86_64-linux-gnu:/opt/ros/foxy/lib', 'HOME': '/home/racecar', 'OLDPWD': '/home/racecar/racecar_ws/src', 'ROS_PYTHON_VERSION': '3', 'COLCON_PREFIX_PATH': '/home/racecar/racecar_ws/src/path_planning/install:/home/sim_ws/install:/home/racecar/racecar_ws/install', 'ROS_DISTRO': 'foxy', '_': '/usr/bin/colcon', 'ROS_VERSION': '2', 'PKG_CONFIG_PATH': '/home/racecar/racecar_ws/install/final_racecar_simulator/lib/x86_64-linux-gnu/pkgconfig:/home/racecar/racecar_ws/install/final_racecar_simulator/lib/pkgconfig', 'TERM': 'xterm', 'ROS_LOCALHOST_ONLY': '0', 'PATH': '/opt/ros/foxy/bin:/usr/local/sbin:/usr/local/bin:/usr/sbin:/usr/bin:/sbin:/bin', 'LANG': 'en_US.UTF-8', 'AMENT_PREFIX_PATH': '/home/racecar/racecar_ws/src/path_planning/install/path_planning:/home/sim_ws/install/racecar_simulator:/home/racecar/racecar_ws/install/wall_follower:/home/racecar/racecar_ws/install/visual_servoing:/home/racecar/racecar_ws/install/ros_exercises:/home/racecar/racecar_ws/install/path_planning:/home/racecar/racecar_ws/install/localization:/opt/ros/foxy', 'SIM_WS': '/home/sim_ws', 'PWD': '/home/racecar/racecar_ws/src/path_planning/build/path_planning', 'PYTHONPATH': '/home/racecar/racecar_ws/src/path_planning/build/path_planning/prefix_override:/home/racecar/racecar_ws/src/path_planning/install/path_planning/lib/python3.8/site-packages:/home/racecar/racecar_ws/src/path_planning/build/path_planning:/home/racecar/racecar_ws/src/path_planning/install/path_planning/lib/python3.8/site-packages:/home/racecar/racecar_ws/build/wall_follower:/home/racecar/racecar_ws/install/wall_follower/lib/python3.8/site-packages:/home/racecar/racecar_ws/install/vs_msgs/lib/python3.8/site-packages:/home/racecar/racecar_ws/build/visual_servoing:/home/racecar/racecar_ws/install/visual_servoing/lib/python3.8/site-packages:/home/racecar/racecar_ws/build/ros_exercises:/home/racecar/racecar_ws/install/ros_exercises/lib/python3.8/site-packages:/home/racecar/racecar_ws/build/path_planning:/home/racecar/racecar_ws/install/path_planning/lib/python3.8/site-packages:/home/racecar/racecar_ws/build/localization:/home/racecar/racecar_ws/install/localization/lib/python3.8/site-packages:/home/racecar/racecar_ws/install/custom_msgs/lib/python3.8/site-packages:/opt/ros/foxy/lib/python3.8/site-packages', 'NO_VNC_VERSION': '1.4.0', 'COLCON': '1', 'CMAKE_PREFIX_PATH': '/home/sim_ws/install/racecar_simulator:/home/racecar/racecar_ws/install/vs_msgs:/home/racecar/racecar_ws/install/custom_msgs'}, 'shell': False}
[3.671273] (-) TimerEvent: {}
[3.772936] (-) TimerEvent: {}
[3.874884] (-) TimerEvent: {}
[3.976074] (-) TimerEvent: {}
[4.078018] (-) TimerEvent: {}
[4.150312] (path_planning) StdoutLine: {'line': b'running egg_info\n'}
[4.154644] (path_planning) StdoutLine: {'line': b'writing build/path_planning/path_planning.egg-info/PKG-INFO\n'}
[4.157742] (path_planning) StdoutLine: {'line': b'writing dependency_links to build/path_planning/path_planning.egg-info/dependency_links.txt\n'}
[4.162583] (path_planning) StdoutLine: {'line': b'writing entry points to build/path_planning/path_planning.egg-info/entry_points.txt\n'}
[4.166624] (path_planning) StdoutLine: {'line': b'writing requirements to build/path_planning/path_planning.egg-info/requires.txt\n'}
[4.175096] (path_planning) StdoutLine: {'line': b'writing top-level names to build/path_planning/path_planning.egg-info/top_level.txt\n'}
[4.181413] (-) TimerEvent: {}
[4.248995] (path_planning) StdoutLine: {'line': b"reading manifest file 'build/path_planning/path_planning.egg-info/SOURCES.txt'\n"}
[4.272214] (path_planning) StdoutLine: {'line': b"writing manifest file 'build/path_planning/path_planning.egg-info/SOURCES.txt'\n"}
[4.276311] (path_planning) StdoutLine: {'line': b'running build\n'}
[4.279547] (path_planning) StdoutLine: {'line': b'running build_py\n'}
[4.282671] (-) TimerEvent: {}
[4.283778] (path_planning) StdoutLine: {'line': b'copying path_planning/trajectory_follower.py -> /home/racecar/racecar_ws/src/path_planning/build/path_planning/build/lib/path_planning\n'}
[4.290854] (path_planning) StdoutLine: {'line': b'copying path_planning/trajectory_planner.py -> /home/racecar/racecar_ws/src/path_planning/build/path_planning/build/lib/path_planning\n'}
[4.298917] (path_planning) StdoutLine: {'line': b'running install\n'}
[4.302038] (path_planning) StdoutLine: {'line': b'running install_lib\n'}
[4.305337] (path_planning) StdoutLine: {'line': b'creating /home/racecar/racecar_ws/src/path_planning/install/path_planning/lib/python3.8/site-packages/path_planning\n'}
[4.309093] (path_planning) StdoutLine: {'line': b'copying /home/racecar/racecar_ws/src/path_planning/build/path_planning/build/lib/path_planning/__init__.py -> /home/racecar/racecar_ws/src/path_planning/install/path_planning/lib/python3.8/site-packages/path_planning\n'}
[4.324039] (path_planning) StdoutLine: {'line': b'copying /home/racecar/racecar_ws/src/path_planning/build/path_planning/build/lib/path_planning/trajectory_builder.py -> /home/racecar/racecar_ws/src/path_planning/install/path_planning/lib/python3.8/site-packages/path_planning\n'}
[4.346413] (path_planning) StdoutLine: {'line': b'copying /home/racecar/racecar_ws/src/path_planning/build/path_planning/build/lib/path_planning/trajectory_follower.py -> /home/racecar/racecar_ws/src/path_planning/install/path_planning/lib/python3.8/site-packages/path_planning\n'}
[4.370914] (path_planning) StdoutLine: {'line': b'copying /home/racecar/racecar_ws/src/path_planning/build/path_planning/build/lib/path_planning/trajectory_loader.py -> /home/racecar/racecar_ws/src/path_planning/install/path_planning/lib/python3.8/site-packages/path_planning\n'}
[4.382910] (-) TimerEvent: {}
[4.388637] (path_planning) StdoutLine: {'line': b'copying /home/racecar/racecar_ws/src/path_planning/build/path_planning/build/lib/path_planning/trajectory_planner.py -> /home/racecar/racecar_ws/src/path_planning/install/path_planning/lib/python3.8/site-packages/path_planning\n'}
[4.399187] (path_planning) StdoutLine: {'line': b'copying /home/racecar/racecar_ws/src/path_planning/build/path_planning/build/lib/path_planning/utils.py -> /home/racecar/racecar_ws/src/path_planning/install/path_planning/lib/python3.8/site-packages/path_planning\n'}
[4.413495] (path_planning) StdoutLine: {'line': b'byte-compiling /home/racecar/racecar_ws/src/path_planning/install/path_planning/lib/python3.8/site-packages/path_planning/__init__.py to __init__.cpython-38.pyc\n'}
[4.435733] (path_planning) StdoutLine: {'line': b'byte-compiling /home/racecar/racecar_ws/src/path_planning/install/path_planning/lib/python3.8/site-packages/path_planning/trajectory_builder.py to trajectory_builder.cpython-38.pyc\n'}
[4.451435] (path_planning) StdoutLine: {'line': b'byte-compiling /home/racecar/racecar_ws/src/path_planning/install/path_planning/lib/python3.8/site-packages/path_planning/trajectory_follower.py to trajectory_follower.cpython-38.pyc\n'}
[4.465283] (path_planning) StdoutLine: {'line': b'byte-compiling /home/racecar/racecar_ws/src/path_planning/install/path_planning/lib/python3.8/site-packages/path_planning/trajectory_loader.py to trajectory_loader.cpython-38.pyc\n'}
[4.479041] (path_planning) StdoutLine: {'line': b'byte-compiling /home/racecar/racecar_ws/src/path_planning/install/path_planning/lib/python3.8/site-packages/path_planning/trajectory_planner.py to trajectory_planner.cpython-38.pyc\n'}
[4.483160] (-) TimerEvent: {}
[4.492577] (path_planning) StdoutLine: {'line': b'byte-compiling /home/racecar/racecar_ws/src/path_planning/install/path_planning/lib/python3.8/site-packages/path_planning/utils.py to utils.cpython-38.pyc\n'}
[4.508337] (path_planning) StdoutLine: {'line': b'running install_data\n'}
[4.511719] (path_planning) StdoutLine: {'line': b'copying launch/sim/sim_plan.launch.xml -> /home/racecar/racecar_ws/src/path_planning/install/path_planning/share/path_planning/launch/sim\n'}
[4.531430] (path_planning) StdoutLine: {'line': b'running install_egg_info\n'}
[4.541817] (path_planning) StdoutLine: {'line': b'Copying build/path_planning/path_planning.egg-info to /home/racecar/racecar_ws/src/path_planning/install/path_planning/lib/python3.8/site-packages/path_planning-0.0.0-py3.8.egg-info\n'}
[4.583539] (-) TimerEvent: {}
[4.645033] (path_planning) StdoutLine: {'line': b'running install_scripts\n'}
[4.680413] (path_planning) StdoutLine: {'line': b'Installing trajectory_builder script to /home/racecar/racecar_ws/src/path_planning/install/path_planning/lib/path_planning\n'}
[4.685111] (-) TimerEvent: {}
[4.687855] (path_planning) StdoutLine: {'line': b'Installing trajectory_follower script to /home/racecar/racecar_ws/src/path_planning/install/path_planning/lib/path_planning\n'}
[4.693321] (path_planning) StdoutLine: {'line': b'Installing trajectory_loader script to /home/racecar/racecar_ws/src/path_planning/install/path_planning/lib/path_planning\n'}
[4.702799] (path_planning) StdoutLine: {'line': b'Installing trajectory_planner script to /home/racecar/racecar_ws/src/path_planning/install/path_planning/lib/path_planning\n'}
[4.710033] (path_planning) StdoutLine: {'line': b"writing list of installed files to '/home/racecar/racecar_ws/src/path_planning/build/path_planning/install.log'\n"}
[4.758994] (path_planning) CommandEnded: {'returncode': 0}
[4.785776] (-) TimerEvent: {}
[4.888159] (-) TimerEvent: {}
[4.994895] (-) TimerEvent: {}
[5.099364] (-) TimerEvent: {}
[5.201146] (-) TimerEvent: {}
[5.243922] (path_planning) JobEnded: {'identifier': 'path_planning', 'rc': 0}
[5.254191] (-) EventReactorShutdown: {}
