[2.822s] Invoking command in '/home/racecar/racecar_ws/src/path_planning': PYTHONPATH=/home/racecar/racecar_ws/src/path_planning/build/path_planning/prefix_override:/home/racecar/racecar_ws/src/path_planning/install/path_planning/lib/python3.8/site-packages:${PYTHONPATH} /usr/bin/python3 setup.py egg_info --egg-base build/path_planning build --build-base /home/racecar/racecar_ws/src/path_planning/build/path_planning/build install --record /home/racecar/racecar_ws/src/path_planning/build/path_planning/install.log --install-scripts $base/lib/path_planning --single-version-externally-managed
[3.175s] running egg_info
[3.177s] writing build/path_planning/path_planning.egg-info/PKG-INFO
[3.181s] writing dependency_links to build/path_planning/path_planning.egg-info/dependency_links.txt
[3.185s] writing entry points to build/path_planning/path_planning.egg-info/entry_points.txt
[3.188s] writing requirements to build/path_planning/path_planning.egg-info/requires.txt
[3.194s] writing top-level names to build/path_planning/path_planning.egg-info/top_level.txt
[3.264s] reading manifest file 'build/path_planning/path_planning.egg-info/SOURCES.txt'
[3.272s] writing manifest file 'build/path_planning/path_planning.egg-info/SOURCES.txt'
[3.275s] running build
[3.277s] running build_py
[3.279s] running install
[3.282s] running install_lib
[3.288s] running install_data
[3.291s] copying launch/map.launch.xml -> /home/racecar/racecar_ws/src/path_planning/install/path_planning/share/path_planning/launch
[3.294s] running install_egg_info
[3.297s] removing '/home/racecar/racecar_ws/src/path_planning/install/path_planning/lib/python3.8/site-packages/path_planning-0.0.0-py3.8.egg-info' (and everything under it)
[3.306s] Copying build/path_planning/path_planning.egg-info to /home/racecar/racecar_ws/src/path_planning/install/path_planning/lib/python3.8/site-packages/path_planning-0.0.0-py3.8.egg-info
[3.401s] running install_scripts
[3.452s] Installing trajectory_builder script to /home/racecar/racecar_ws/src/path_planning/install/path_planning/lib/path_planning
[3.463s] Installing trajectory_follower script to /home/racecar/racecar_ws/src/path_planning/install/path_planning/lib/path_planning
[3.473s] Installing trajectory_loader script to /home/racecar/racecar_ws/src/path_planning/install/path_planning/lib/path_planning
[3.488s] Installing trajectory_planner script to /home/racecar/racecar_ws/src/path_planning/install/path_planning/lib/path_planning
[3.497s] writing list of installed files to '/home/racecar/racecar_ws/src/path_planning/build/path_planning/install.log'
[3.537s] Invoked command in '/home/racecar/racecar_ws/src/path_planning' returned '0': PYTHONPATH=/home/racecar/racecar_ws/src/path_planning/build/path_planning/prefix_override:/home/racecar/racecar_ws/src/path_planning/install/path_planning/lib/python3.8/site-packages:${PYTHONPATH} /usr/bin/python3 setup.py egg_info --egg-base build/path_planning build --build-base /home/racecar/racecar_ws/src/path_planning/build/path_planning/build install --record /home/racecar/racecar_ws/src/path_planning/build/path_planning/install.log --install-scripts $base/lib/path_planning --single-version-externally-managed
