[0.000000] (-) TimerEvent: {}
[0.000853] (path_planning) JobQueued: {'identifier': 'path_planning', 'dependencies': OrderedDict()}
[0.002033] (path_planning) JobStarted: {'identifier': 'path_planning'}
[0.097230] (-) TimerEvent: {}
[0.202143] (-) TimerEvent: {}
[0.309398] (-) TimerEvent: {}
[0.413425] (-) TimerEvent: {}
[0.527733] (-) TimerEvent: {}
[0.636069] (-) TimerEvent: {}
[0.738107] (-) TimerEvent: {}
[0.839443] (-) TimerEvent: {}
[0.940870] (-) TimerEvent: {}
[1.042920] (-) TimerEvent: {}
[1.144676] (-) TimerEvent: {}
[1.246474] (-) TimerEvent: {}
[1.357768] (-) TimerEvent: {}
[1.470160] (-) TimerEvent: {}
[1.573827] (-) TimerEvent: {}
[1.683574] (-) TimerEvent: {}
[1.795954] (-) TimerEvent: {}
[1.910834] (-) TimerEvent: {}
[2.019501] (-) TimerEvent: {}
[2.122906] (-) TimerEvent: {}
[2.225836] (-) TimerEvent: {}
[2.327122] (-) TimerEvent: {}
[2.428449] (-) TimerEvent: {}
[2.530708] (-) TimerEvent: {}
[2.633110] (-) TimerEvent: {}
[2.734831] (-) TimerEvent: {}
[2.836550] (-) TimerEvent: {}
[2.937976] (-) TimerEvent: {}
[3.004988] (path_planning) Command: {'cmd': ['/usr/bin/python3', 'setup.py', 'egg_info', '--egg-base', 'build/path_planning', 'build', '--build-base', '/home/racecar/racecar_ws/src/path_planning/build/path_planning/build', 'install', '--record', '/home/racecar/racecar_ws/src/path_planning/build/path_planning/install.log', '--install-scripts', '$base/lib/path_planning', '--single-version-externally-managed'], 'cwd': '/home/racecar/racecar_ws/src/path_planning', 'env': {'PYTHONIOENCODING': 'utf-8', 'HOSTNAME': '7ad6957a439e', 'ROS_PACKAGE_PATH': '/home/racecar/racecar_ws/install/final_racecar_simulator/share:/home/racecar/racecar_ws/src/final_challenge2024/city_driving/final_racecar_simulator/install/final_racecar_simulator/share', 'SHLVL': '1', 'LD_LIBRARY_PATH': '/home/racecar/racecar_ws/install/vs_msgs/lib:/home/racecar/racecar_ws/install/custom_msgs/lib:/opt/ros/foxy/opt/yaml_cpp_vendor/lib:/opt/ros/foxy/opt/rviz_ogre_vendor/lib:/opt/ros/foxy/lib/x86_64-linux-gnu:/opt/ros/foxy/lib', 'HOME': '/home/racecar', 'OLDPWD': '/home/racecar/racecar_ws/src', 'ROS_PYTHON_VERSION': '3', 'COLCON_PREFIX_PATH': '/home/racecar/racecar_ws/src/path_planning/install:/home/racecar/racecar_ws/src/final_challenge2024/city_driving/map_launch/install:/home/racecar/racecar_ws/install:/home/racecar/racecar_ws/src/final_challenge2024/city_driving/final_racecar_simulator/install:/home/sim_ws/install', 'ROS_DISTRO': 'foxy', '_': '/usr/bin/colcon', 'ROS_VERSION': '2', 'PKG_CONFIG_PATH': '/home/racecar/racecar_ws/install/final_racecar_simulator/lib/x86_64-linux-gnu/pkgconfig:/home/racecar/racecar_ws/install/final_racecar_simulator/lib/pkgconfig:/home/racecar/racecar_ws/src/final_challenge2024/city_driving/final_racecar_simulator/install/final_racecar_simulator/lib/x86_64-linux-gnu/pkgconfig:/home/racecar/racecar_ws/src/final_challenge2024/city_driving/final_racecar_simulator/install/final_racecar_simulator/lib/pkgconfig', 'TERM': 'xterm', 'ROS_LOCALHOST_ONLY': '0', 'PATH': '/opt/ros/foxy/bin:/usr/local/sbin:/usr/local/bin:/usr/sbin:/usr/bin:/sbin:/bin', 'LANG': 'en_US.UTF-8', 'AMENT_PREFIX_PATH': '/home/racecar/racecar_ws/src/path_planning/install/path_planning:/home/sim_ws/install/racecar_simulator:/home/racecar/racecar_ws/install/wall_follower:/home/racecar/racecar_ws/install/visual_servoing:/home/racecar/racecar_ws/install/ros_exercises:/home/racecar/racecar_ws/install/path_planning:/home/racecar/racecar_ws/install/localization:/opt/ros/foxy', 'SIM_WS': '/home/sim_ws', 'PWD': '/home/racecar/racecar_ws/src/path_planning/build/path_planning', 'PYTHONPATH': '/home/racecar/racecar_ws/src/path_planning/build/path_planning/prefix_override:/home/racecar/racecar_ws/src/path_planning/install/path_planning/lib/python3.8/site-packages:/home/racecar/racecar_ws/src/path_planning/install/path_planning/lib/python3.8/site-packages:/home/racecar/racecar_ws/build/wall_follower:/home/racecar/racecar_ws/install/wall_follower/lib/python3.8/site-packages:/home/racecar/racecar_ws/install/vs_msgs/lib/python3.8/site-packages:/home/racecar/racecar_ws/build/visual_servoing:/home/racecar/racecar_ws/install/visual_servoing/lib/python3.8/site-packages:/home/racecar/racecar_ws/build/ros_exercises:/home/racecar/racecar_ws/install/ros_exercises/lib/python3.8/site-packages:/home/racecar/racecar_ws/build/path_planning:/home/racecar/racecar_ws/install/path_planning/lib/python3.8/site-packages:/home/racecar/racecar_ws/build/localization:/home/racecar/racecar_ws/install/localization/lib/python3.8/site-packages:/home/racecar/racecar_ws/install/custom_msgs/lib/python3.8/site-packages:/opt/ros/foxy/lib/python3.8/site-packages', 'NO_VNC_VERSION': '1.4.0', 'COLCON': '1', 'CMAKE_PREFIX_PATH': '/home/sim_ws/install/racecar_simulator:/home/racecar/racecar_ws/install/vs_msgs:/home/racecar/racecar_ws/install/custom_msgs'}, 'shell': False}
[3.038508] (-) TimerEvent: {}
[3.139783] (-) TimerEvent: {}
[3.241038] (-) TimerEvent: {}
[3.342159] (-) TimerEvent: {}
[3.412517] (path_planning) StdoutLine: {'line': b'running egg_info\n'}
[3.415945] (path_planning) StdoutLine: {'line': b'writing build/path_planning/path_planning.egg-info/PKG-INFO\n'}
[3.419366] (path_planning) StdoutLine: {'line': b'writing dependency_links to build/path_planning/path_planning.egg-info/dependency_links.txt\n'}
[3.424735] (path_planning) StdoutLine: {'line': b'writing entry points to build/path_planning/path_planning.egg-info/entry_points.txt\n'}
[3.431482] (path_planning) StdoutLine: {'line': b'writing requirements to build/path_planning/path_planning.egg-info/requires.txt\n'}
[3.434683] (path_planning) StdoutLine: {'line': b'writing top-level names to build/path_planning/path_planning.egg-info/top_level.txt\n'}
[3.442397] (-) TimerEvent: {}
[3.490294] (path_planning) StdoutLine: {'line': b"reading manifest file 'build/path_planning/path_planning.egg-info/SOURCES.txt'\n"}
[3.498862] (path_planning) StdoutLine: {'line': b"writing manifest file 'build/path_planning/path_planning.egg-info/SOURCES.txt'\n"}
[3.504514] (path_planning) StdoutLine: {'line': b'running build\n'}
[3.507170] (path_planning) StdoutLine: {'line': b'running build_py\n'}
[3.509791] (path_planning) StdoutLine: {'line': b'running install\n'}
[3.512567] (path_planning) StdoutLine: {'line': b'running install_lib\n'}
[3.515099] (path_planning) StdoutLine: {'line': b'running install_data\n'}
[3.518078] (path_planning) StdoutLine: {'line': b'running install_egg_info\n'}
[3.520639] (path_planning) StdoutLine: {'line': b"removing '/home/racecar/racecar_ws/src/path_planning/install/path_planning/lib/python3.8/site-packages/path_planning-0.0.0-py3.8.egg-info' (and everything under it)\n"}
[3.525236] (path_planning) StdoutLine: {'line': b'Copying build/path_planning/path_planning.egg-info to /home/racecar/racecar_ws/src/path_planning/install/path_planning/lib/python3.8/site-packages/path_planning-0.0.0-py3.8.egg-info\n'}
[3.542497] (-) TimerEvent: {}
[3.612570] (path_planning) StdoutLine: {'line': b'running install_scripts\n'}
[3.642864] (-) TimerEvent: {}
[3.656804] (path_planning) StdoutLine: {'line': b'Installing trajectory_builder script to /home/racecar/racecar_ws/src/path_planning/install/path_planning/lib/path_planning\n'}
[3.666618] (path_planning) StdoutLine: {'line': b'Installing trajectory_follower script to /home/racecar/racecar_ws/src/path_planning/install/path_planning/lib/path_planning\n'}
[3.678786] (path_planning) StdoutLine: {'line': b'Installing trajectory_loader script to /home/racecar/racecar_ws/src/path_planning/install/path_planning/lib/path_planning\n'}
[3.689239] (path_planning) StdoutLine: {'line': b'Installing trajectory_planner script to /home/racecar/racecar_ws/src/path_planning/install/path_planning/lib/path_planning\n'}
[3.703332] (path_planning) StdoutLine: {'line': b"writing list of installed files to '/home/racecar/racecar_ws/src/path_planning/build/path_planning/install.log'\n"}
[3.743269] (-) TimerEvent: {}
[3.765075] (path_planning) CommandEnded: {'returncode': 0}
[3.847463] (-) TimerEvent: {}
[3.949236] (-) TimerEvent: {}
[4.041662] (path_planning) JobEnded: {'identifier': 'path_planning', 'rc': 0}
[4.050776] (-) TimerEvent: {}
[4.052102] (-) EventReactorShutdown: {}
