[2.476s] Invoking command in '/home/racecar/racecar_ws/src/path_planning': PYTHONPATH=/home/racecar/racecar_ws/src/path_planning/build/path_planning/prefix_override:/home/racecar/racecar_ws/src/path_planning/install/path_planning/lib/python3.8/site-packages:${PYTHONPATH} /usr/bin/python3 setup.py egg_info --egg-base build/path_planning build --build-base /home/racecar/racecar_ws/src/path_planning/build/path_planning/build install --record /home/racecar/racecar_ws/src/path_planning/build/path_planning/install.log --install-scripts $base/lib/path_planning --single-version-externally-managed
[2.864s] running egg_info
[2.870s] writing build/path_planning/path_planning.egg-info/PKG-INFO
[2.875s] writing dependency_links to build/path_planning/path_planning.egg-info/dependency_links.txt
[2.882s] writing entry points to build/path_planning/path_planning.egg-info/entry_points.txt
[2.888s] writing requirements to build/path_planning/path_planning.egg-info/requires.txt
[2.892s] writing top-level names to build/path_planning/path_planning.egg-info/top_level.txt
[2.974s] reading manifest file 'build/path_planning/path_planning.egg-info/SOURCES.txt'
[2.984s] writing manifest file 'build/path_planning/path_planning.egg-info/SOURCES.txt'
[2.990s] running build
[2.995s] running build_py
[3.003s] running install
[3.006s] running install_lib
[3.010s] running install_data
[3.013s] copying launch/map_server.launch.py -> /home/racecar/racecar_ws/src/path_planning/install/path_planning/share/path_planning/launch
[3.022s] running install_egg_info
[3.032s] removing '/home/racecar/racecar_ws/src/path_planning/install/path_planning/lib/python3.8/site-packages/path_planning-0.0.0-py3.8.egg-info' (and everything under it)
[3.043s] Copying build/path_planning/path_planning.egg-info to /home/racecar/racecar_ws/src/path_planning/install/path_planning/lib/python3.8/site-packages/path_planning-0.0.0-py3.8.egg-info
[3.162s] running install_scripts
[3.199s] Installing trajectory_builder script to /home/racecar/racecar_ws/src/path_planning/install/path_planning/lib/path_planning
[3.206s] Installing trajectory_follower script to /home/racecar/racecar_ws/src/path_planning/install/path_planning/lib/path_planning
[3.211s] Installing trajectory_loader script to /home/racecar/racecar_ws/src/path_planning/install/path_planning/lib/path_planning
[3.215s] Installing trajectory_planner script to /home/racecar/racecar_ws/src/path_planning/install/path_planning/lib/path_planning
[3.222s] writing list of installed files to '/home/racecar/racecar_ws/src/path_planning/build/path_planning/install.log'
[3.256s] Invoked command in '/home/racecar/racecar_ws/src/path_planning' returned '0': PYTHONPATH=/home/racecar/racecar_ws/src/path_planning/build/path_planning/prefix_override:/home/racecar/racecar_ws/src/path_planning/install/path_planning/lib/python3.8/site-packages:${PYTHONPATH} /usr/bin/python3 setup.py egg_info --egg-base build/path_planning build --build-base /home/racecar/racecar_ws/src/path_planning/build/path_planning/build install --record /home/racecar/racecar_ws/src/path_planning/build/path_planning/install.log --install-scripts $base/lib/path_planning --single-version-externally-managed
