/home/racecar/racecar_ws/src/path_planning/install/path_planning/lib/python3.8/site-packages/path_planning/trajectory_planner.py
/home/racecar/racecar_ws/src/path_planning/install/path_planning/lib/python3.8/site-packages/path_planning/trajectory_follower.py
/home/racecar/racecar_ws/src/path_planning/install/path_planning/lib/python3.8/site-packages/path_planning/__init__.py
/home/racecar/racecar_ws/src/path_planning/install/path_planning/lib/python3.8/site-packages/path_planning/utils.py
/home/racecar/racecar_ws/src/path_planning/install/path_planning/lib/python3.8/site-packages/path_planning/trajectory_builder.py
/home/racecar/racecar_ws/src/path_planning/install/path_planning/lib/python3.8/site-packages/path_planning/trajectory_loader.py
/home/racecar/racecar_ws/src/path_planning/install/path_planning/lib/python3.8/site-packages/path_planning/__pycache__/trajectory_planner.cpython-38.pyc
/home/racecar/racecar_ws/src/path_planning/install/path_planning/lib/python3.8/site-packages/path_planning/__pycache__/trajectory_follower.cpython-38.pyc
/home/racecar/racecar_ws/src/path_planning/install/path_planning/lib/python3.8/site-packages/path_planning/__pycache__/__init__.cpython-38.pyc
/home/racecar/racecar_ws/src/path_planning/install/path_planning/lib/python3.8/site-packages/path_planning/__pycache__/utils.cpython-38.pyc
/home/racecar/racecar_ws/src/path_planning/install/path_planning/lib/python3.8/site-packages/path_planning/__pycache__/trajectory_builder.cpython-38.pyc
/home/racecar/racecar_ws/src/path_planning/install/path_planning/lib/python3.8/site-packages/path_planning/__pycache__/trajectory_loader.cpython-38.pyc
/home/racecar/racecar_ws/src/path_planning/install/path_planning/share/path_planning/package.xml
/home/racecar/racecar_ws/src/path_planning/install/path_planning/share/ament_index/resource_index/packages/path_planning
/home/racecar/racecar_ws/src/path_planning/install/path_planning/share/path_planning/launch/sim/sim_plan_follow.launch.xml
/home/racecar/racecar_ws/src/path_planning/install/path_planning/share/path_planning/launch/sim/sim_plan.launch.xml
/home/racecar/racecar_ws/src/path_planning/install/path_planning/share/path_planning/launch/sim/pf_sim_plan_follow.launch.xml
/home/racecar/racecar_ws/src/path_planning/install/path_planning/share/path_planning/launch/real/real.launch.xml
/home/racecar/racecar_ws/src/path_planning/install/path_planning/share/path_planning/launch/debug/follow_trajectory.launch.xml
/home/racecar/racecar_ws/src/path_planning/install/path_planning/share/path_planning/launch/debug/build_trajectory.launch.xml
/home/racecar/racecar_ws/src/path_planning/install/path_planning/share/path_planning/launch/debug/load_trajectory.launch.xml
/home/racecar/racecar_ws/src/path_planning/install/path_planning/share/path_planning/config/sim/sim_config.yaml
/home/racecar/racecar_ws/src/path_planning/install/path_planning/share/path_planning/config/sim/pf_sim_config.yaml
/home/racecar/racecar_ws/src/path_planning/install/path_planning/share/path_planning/config/sim/pf_config.yaml
/home/racecar/racecar_ws/src/path_planning/install/path_planning/share/path_planning/config/real/config.yaml
/home/racecar/racecar_ws/src/path_planning/install/path_planning/share/path_planning/config/real/pf_config.yaml
/home/racecar/racecar_ws/src/path_planning/install/path_planning/share/path_planning/config/debug
/home/racecar/racecar_ws/src/path_planning/install/path_planning/share/path_planning/example_trajectories/trajectory_3.traj
/home/racecar/racecar_ws/src/path_planning/install/path_planning/share/path_planning/example_trajectories/trajectory_2.traj
/home/racecar/racecar_ws/src/path_planning/install/path_planning/share/path_planning/example_trajectories/trajectory_1.traj
/home/racecar/racecar_ws/src/path_planning/install/path_planning/lib/python3.8/site-packages/path_planning-0.0.0-py3.8.egg-info/PKG-INFO
/home/racecar/racecar_ws/src/path_planning/install/path_planning/lib/python3.8/site-packages/path_planning-0.0.0-py3.8.egg-info/zip-safe
/home/racecar/racecar_ws/src/path_planning/install/path_planning/lib/python3.8/site-packages/path_planning-0.0.0-py3.8.egg-info/SOURCES.txt
/home/racecar/racecar_ws/src/path_planning/install/path_planning/lib/python3.8/site-packages/path_planning-0.0.0-py3.8.egg-info/entry_points.txt
/home/racecar/racecar_ws/src/path_planning/install/path_planning/lib/python3.8/site-packages/path_planning-0.0.0-py3.8.egg-info/requires.txt
/home/racecar/racecar_ws/src/path_planning/install/path_planning/lib/python3.8/site-packages/path_planning-0.0.0-py3.8.egg-info/top_level.txt
/home/racecar/racecar_ws/src/path_planning/install/path_planning/lib/python3.8/site-packages/path_planning-0.0.0-py3.8.egg-info/dependency_links.txt
/home/racecar/racecar_ws/src/path_planning/install/path_planning/lib/path_planning/trajectory_builder
/home/racecar/racecar_ws/src/path_planning/install/path_planning/lib/path_planning/trajectory_follower
/home/racecar/racecar_ws/src/path_planning/install/path_planning/lib/path_planning/trajectory_loader
/home/racecar/racecar_ws/src/path_planning/install/path_planning/lib/path_planning/trajectory_planner
