running egg_info
writing build/path_planning/path_planning.egg-info/PKG-INFO
writing dependency_links to build/path_planning/path_planning.egg-info/dependency_links.txt
writing entry points to build/path_planning/path_planning.egg-info/entry_points.txt
writing requirements to build/path_planning/path_planning.egg-info/requires.txt
writing top-level names to build/path_planning/path_planning.egg-info/top_level.txt
reading manifest file 'build/path_planning/path_planning.egg-info/SOURCES.txt'
writing manifest file 'build/path_planning/path_planning.egg-info/SOURCES.txt'
running build
running build_py
copying path_planning/trajectory_follower.py -> /home/racecar/racecar_ws/src/path_planning/build/path_planning/build/lib/path_planning
copying path_planning/trajectory_planner.py -> /home/racecar/racecar_ws/src/path_planning/build/path_planning/build/lib/path_planning
running install
running install_lib
copying /home/racecar/racecar_ws/src/path_planning/build/path_planning/build/lib/path_planning/trajectory_follower.py -> /home/racecar/racecar_ws/src/path_planning/install/path_planning/lib/python3.8/site-packages/path_planning
copying /home/racecar/racecar_ws/src/path_planning/build/path_planning/build/lib/path_planning/trajectory_planner.py -> /home/racecar/racecar_ws/src/path_planning/install/path_planning/lib/python3.8/site-packages/path_planning
byte-compiling /home/racecar/racecar_ws/src/path_planning/install/path_planning/lib/python3.8/site-packages/path_planning/__init__.py to __init__.cpython-38.pyc
byte-compiling /home/racecar/racecar_ws/src/path_planning/install/path_planning/lib/python3.8/site-packages/path_planning/trajectory_builder.py to trajectory_builder.cpython-38.pyc
byte-compiling /home/racecar/racecar_ws/src/path_planning/install/path_planning/lib/python3.8/site-packages/path_planning/trajectory_follower.py to trajectory_follower.cpython-38.pyc
byte-compiling /home/racecar/racecar_ws/src/path_planning/install/path_planning/lib/python3.8/site-packages/path_planning/trajectory_loader.py to trajectory_loader.cpython-38.pyc
byte-compiling /home/racecar/racecar_ws/src/path_planning/install/path_planning/lib/python3.8/site-packages/path_planning/trajectory_planner.py to trajectory_planner.cpython-38.pyc
byte-compiling /home/racecar/racecar_ws/src/path_planning/install/path_planning/lib/python3.8/site-packages/path_planning/utils.py to utils.cpython-38.pyc
running install_data
copying launch/sim/sim_plan.launch.xml -> /home/racecar/racecar_ws/src/path_planning/install/path_planning/share/path_planning/launch/sim
copying config/sim/pf_config.yaml -> /home/racecar/racecar_ws/src/path_planning/install/path_planning/share/path_planning/config/sim
copying config/sim/pf_sim_config.yaml -> /home/racecar/racecar_ws/src/path_planning/install/path_planning/share/path_planning/config/sim
copying config/sim/sim_config.yaml -> /home/racecar/racecar_ws/src/path_planning/install/path_planning/share/path_planning/config/sim
creating /home/racecar/racecar_ws/src/path_planning/install/path_planning/share/path_planning/config/debug
running install_egg_info
removing '/home/racecar/racecar_ws/src/path_planning/install/path_planning/lib/python3.8/site-packages/path_planning-0.0.0-py3.8.egg-info' (and everything under it)
Copying build/path_planning/path_planning.egg-info to /home/racecar/racecar_ws/src/path_planning/install/path_planning/lib/python3.8/site-packages/path_planning-0.0.0-py3.8.egg-info
running install_scripts
Installing trajectory_builder script to /home/racecar/racecar_ws/src/path_planning/install/path_planning/lib/path_planning
Installing trajectory_follower script to /home/racecar/racecar_ws/src/path_planning/install/path_planning/lib/path_planning
Installing trajectory_loader script to /home/racecar/racecar_ws/src/path_planning/install/path_planning/lib/path_planning
Installing trajectory_planner script to /home/racecar/racecar_ws/src/path_planning/install/path_planning/lib/path_planning
writing list of installed files to '/home/racecar/racecar_ws/src/path_planning/build/path_planning/install.log'
