[3.065s] DEBUG:colcon:Command line arguments: ['/usr/bin/colcon', 'build']
[3.066s] DEBUG:colcon:Parsed command line arguments: Namespace(ament_cmake_args=None, base_paths=['.'], build_base='build', catkin_cmake_args=None, catkin_skip_building_tests=False, cmake_args=None, cmake_clean_cache=False, cmake_clean_first=False, cmake_force_configure=False, cmake_target=None, cmake_target_skip_unavailable=False, continue_on_error=False, event_handlers=None, executor='parallel', ignore_user_meta=False, install_base='install', log_base=None, log_level=None, main=<bound method BuildVerb.main of <colcon_core.verb.build.BuildVerb object at 0x7fe251d4b1f0>>, merge_install=False, metas=['./colcon.meta'], packages_above=None, packages_above_and_dependencies=None, packages_above_depth=None, packages_end=None, packages_ignore=None, packages_ignore_regex=None, packages_select=None, packages_select_build_failed=False, packages_select_by_dep=None, packages_select_regex=None, packages_select_test_failures=False, packages_skip=None, packages_skip_build_finished=False, packages_skip_by_dep=None, packages_skip_regex=None, packages_skip_test_passed=False, packages_skip_up_to=None, packages_start=None, packages_up_to=None, packages_up_to_regex=None, parallel_workers=6, paths=None, symlink_install=False, test_result_base=None, verb_extension=<colcon_core.verb.build.BuildVerb object at 0x7fe251d4b1f0>, verb_name='build', verb_parser=<colcon_defaults.argument_parser.defaults.DefaultArgumentsDecorator object at 0x7fe251d4b6d0>)
[3.217s] Level 1:colcon.colcon_core.package_discovery:discover_packages(colcon_meta) check parameters
[3.220s] Level 1:colcon.colcon_core.package_discovery:discover_packages(recursive) check parameters
[3.220s] Level 1:colcon.colcon_core.package_discovery:discover_packages(ignore) check parameters
[3.221s] Level 1:colcon.colcon_core.package_discovery:discover_packages(path) check parameters
[3.222s] Level 1:colcon.colcon_core.package_discovery:discover_packages(colcon_meta) discover
[3.223s] Level 1:colcon.colcon_core.package_discovery:discover_packages(recursive) discover
[3.223s] INFO:colcon.colcon_core.package_discovery:Crawling recursively for packages in '/home/racecar/racecar_ws/src/path_planning'
[3.224s] Level 1:colcon.colcon_core.package_identification:_identify(.) by extensions ['ignore', 'ignore_ament_install']
[3.225s] Level 1:colcon.colcon_core.package_identification:_identify(.) by extension 'ignore'
[3.226s] Level 1:colcon.colcon_core.package_identification:_identify(.) by extension 'ignore_ament_install'
[3.228s] Level 1:colcon.colcon_core.package_identification:_identify(.) by extensions ['colcon_pkg']
[3.229s] Level 1:colcon.colcon_core.package_identification:_identify(.) by extension 'colcon_pkg'
[3.230s] Level 1:colcon.colcon_core.package_identification:_identify(.) by extensions ['colcon_meta']
[3.231s] Level 1:colcon.colcon_core.package_identification:_identify(.) by extension 'colcon_meta'
[3.232s] Level 1:colcon.colcon_core.package_identification:_identify(.) by extensions ['ros']
[3.232s] Level 1:colcon.colcon_core.package_identification:_identify(.) by extension 'ros'
[3.252s] DEBUG:colcon.colcon_core.package_identification:Package '.' with type 'ros.ament_python' and name 'path_planning'
[3.253s] Level 1:colcon.colcon_core.package_discovery:discover_packages(recursive) using defaults
[3.254s] Level 1:colcon.colcon_core.package_discovery:discover_packages(ignore) discover
[3.255s] Level 1:colcon.colcon_core.package_discovery:discover_packages(ignore) using defaults
[3.255s] Level 1:colcon.colcon_core.package_discovery:discover_packages(path) discover
[3.256s] Level 1:colcon.colcon_core.package_discovery:discover_packages(path) using defaults
[3.492s] Level 5:colcon.colcon_core.verb:set package 'path_planning' build argument 'cmake_args' from command line to 'None'
[3.493s] Level 5:colcon.colcon_core.verb:set package 'path_planning' build argument 'cmake_target' from command line to 'None'
[3.494s] Level 5:colcon.colcon_core.verb:set package 'path_planning' build argument 'cmake_target_skip_unavailable' from command line to 'False'
[3.495s] Level 5:colcon.colcon_core.verb:set package 'path_planning' build argument 'cmake_clean_cache' from command line to 'False'
[3.496s] Level 5:colcon.colcon_core.verb:set package 'path_planning' build argument 'cmake_clean_first' from command line to 'False'
[3.496s] Level 5:colcon.colcon_core.verb:set package 'path_planning' build argument 'cmake_force_configure' from command line to 'False'
[3.497s] Level 5:colcon.colcon_core.verb:set package 'path_planning' build argument 'ament_cmake_args' from command line to 'None'
[3.498s] Level 5:colcon.colcon_core.verb:set package 'path_planning' build argument 'catkin_cmake_args' from command line to 'None'
[3.498s] Level 5:colcon.colcon_core.verb:set package 'path_planning' build argument 'catkin_skip_building_tests' from command line to 'False'
[3.499s] DEBUG:colcon.colcon_core.verb:Building package 'path_planning' with the following arguments: {'ament_cmake_args': None, 'build_base': '/home/racecar/racecar_ws/src/path_planning/build/path_planning', 'catkin_cmake_args': None, 'catkin_skip_building_tests': False, 'cmake_args': None, 'cmake_clean_cache': False, 'cmake_clean_first': False, 'cmake_force_configure': False, 'cmake_target': None, 'cmake_target_skip_unavailable': False, 'install_base': '/home/racecar/racecar_ws/src/path_planning/install/path_planning', 'merge_install': False, 'path': '/home/racecar/racecar_ws/src/path_planning', 'symlink_install': False, 'test_result_base': None}
[3.550s] INFO:colcon.colcon_core.executor:Executing jobs using 'parallel' executor
[3.604s] DEBUG:colcon.colcon_parallel_executor.executor.parallel:run_until_complete
[3.605s] INFO:colcon.colcon_ros.task.ament_python.build:Building ROS package in '/home/racecar/racecar_ws/src/path_planning' with build type 'ament_python'
[3.606s] Level 1:colcon.colcon_core.shell:create_environment_hook('path_planning', 'ament_prefix_path')
[3.663s] INFO:colcon.colcon_core.plugin_system:Skipping extension 'colcon_core.shell.bat': Not used on non-Windows systems
[3.665s] INFO:colcon.colcon_core.shell:Creating environment hook '/home/racecar/racecar_ws/src/path_planning/install/path_planning/share/path_planning/hook/ament_prefix_path.ps1'
[3.672s] INFO:colcon.colcon_core.shell:Creating environment descriptor '/home/racecar/racecar_ws/src/path_planning/install/path_planning/share/path_planning/hook/ament_prefix_path.dsv'
[3.677s] INFO:colcon.colcon_core.shell:Creating environment hook '/home/racecar/racecar_ws/src/path_planning/install/path_planning/share/path_planning/hook/ament_prefix_path.sh'
[3.747s] INFO:colcon.colcon_core.shell:Skip shell extension 'powershell' for command environment: Not usable outside of PowerShell
[3.748s] DEBUG:colcon.colcon_core.shell:Skip shell extension 'dsv' for command environment
[4.663s] INFO:colcon.colcon_core.task.python.build:Building Python package in '/home/racecar/racecar_ws/src/path_planning'
[4.721s] INFO:colcon.colcon_core.shell:Skip shell extension 'powershell' for command environment: Not usable outside of PowerShell
[4.722s] DEBUG:colcon.colcon_core.shell:Skip shell extension 'dsv' for command environment
[6.088s] DEBUG:colcon.colcon_core.event_handler.log_command:Invoking command in '/home/racecar/racecar_ws/src/path_planning': PYTHONPATH=/home/racecar/racecar_ws/src/path_planning/build/path_planning/prefix_override:/home/racecar/racecar_ws/src/path_planning/install/path_planning/lib/python3.8/site-packages:${PYTHONPATH} /usr/bin/python3 setup.py egg_info --egg-base build/path_planning build --build-base /home/racecar/racecar_ws/src/path_planning/build/path_planning/build install --record /home/racecar/racecar_ws/src/path_planning/build/path_planning/install.log --install-scripts $base/lib/path_planning --single-version-externally-managed
[6.868s] DEBUG:colcon.colcon_core.event_handler.log_command:Invoked command in '/home/racecar/racecar_ws/src/path_planning' returned '0': PYTHONPATH=/home/racecar/racecar_ws/src/path_planning/build/path_planning/prefix_override:/home/racecar/racecar_ws/src/path_planning/install/path_planning/lib/python3.8/site-packages:${PYTHONPATH} /usr/bin/python3 setup.py egg_info --egg-base build/path_planning build --build-base /home/racecar/racecar_ws/src/path_planning/build/path_planning/build install --record /home/racecar/racecar_ws/src/path_planning/build/path_planning/install.log --install-scripts $base/lib/path_planning --single-version-externally-managed
[6.937s] Level 1:colcon.colcon_core.environment:checking '/home/racecar/racecar_ws/src/path_planning/install/path_planning' for CMake module files
[6.955s] Level 1:colcon.colcon_core.environment:checking '/home/racecar/racecar_ws/src/path_planning/install/path_planning' for CMake config files
[6.964s] Level 1:colcon.colcon_core.environment:checking '/home/racecar/racecar_ws/src/path_planning/install/path_planning/lib'
[6.965s] Level 1:colcon.colcon_core.environment:checking '/home/racecar/racecar_ws/src/path_planning/install/path_planning/bin'
[6.967s] Level 1:colcon.colcon_core.environment:checking '/home/racecar/racecar_ws/src/path_planning/install/path_planning/lib/pkgconfig/path_planning.pc'
[6.968s] Level 1:colcon.colcon_core.environment:checking '/home/racecar/racecar_ws/src/path_planning/install/path_planning/lib/python3.8/site-packages'
[6.969s] Level 1:colcon.colcon_core.shell:create_environment_hook('path_planning', 'pythonpath')
[7.025s] INFO:colcon.colcon_core.shell:Creating environment hook '/home/racecar/racecar_ws/src/path_planning/install/path_planning/share/path_planning/hook/pythonpath.ps1'
[7.030s] INFO:colcon.colcon_core.shell:Creating environment descriptor '/home/racecar/racecar_ws/src/path_planning/install/path_planning/share/path_planning/hook/pythonpath.dsv'
[7.035s] INFO:colcon.colcon_core.shell:Creating environment hook '/home/racecar/racecar_ws/src/path_planning/install/path_planning/share/path_planning/hook/pythonpath.sh'
[7.041s] Level 1:colcon.colcon_core.environment:checking '/home/racecar/racecar_ws/src/path_planning/install/path_planning/bin'
[7.042s] Level 1:colcon.colcon_core.environment:create_environment_scripts_only(path_planning)
[7.103s] INFO:colcon.colcon_core.shell:Creating package script '/home/racecar/racecar_ws/src/path_planning/install/path_planning/share/path_planning/package.ps1'
[7.108s] INFO:colcon.colcon_core.shell:Creating package descriptor '/home/racecar/racecar_ws/src/path_planning/install/path_planning/share/path_planning/package.dsv'
[7.115s] INFO:colcon.colcon_core.shell:Creating package script '/home/racecar/racecar_ws/src/path_planning/install/path_planning/share/path_planning/package.sh'
[7.123s] INFO:colcon.colcon_core.shell:Creating package script '/home/racecar/racecar_ws/src/path_planning/install/path_planning/share/path_planning/package.bash'
[7.133s] INFO:colcon.colcon_core.shell:Creating package script '/home/racecar/racecar_ws/src/path_planning/install/path_planning/share/path_planning/package.zsh'
[7.139s] Level 1:colcon.colcon_core.environment:create_file_with_runtime_dependencies(/home/racecar/racecar_ws/src/path_planning/install/path_planning/share/colcon-core/packages/path_planning)
[7.145s] DEBUG:colcon.colcon_parallel_executor.executor.parallel:closing loop
[7.147s] DEBUG:colcon.colcon_parallel_executor.executor.parallel:loop closed
[7.148s] DEBUG:colcon.colcon_parallel_executor.executor.parallel:run_until_complete finished with '0'
[7.152s] DEBUG:colcon.colcon_core.event_reactor:joining thread
[7.262s] INFO:colcon.colcon_core.plugin_system:Skipping extension 'colcon_notification.desktop_notification.notify_send': Could not find 'notify-send'
[7.263s] INFO:colcon.colcon_core.plugin_system:Skipping extension 'colcon_notification.desktop_notification.terminal_notifier': Not used on non-Darwin systems
[7.264s] INFO:colcon.colcon_core.plugin_system:Skipping extension 'colcon_notification.desktop_notification.win32': Not used on non-Windows systems
[7.265s] INFO:colcon.colcon_notification.desktop_notification:Sending desktop notification using 'notify2'
[7.266s] DEBUG:colcon.colcon_notification.desktop_notification.notify2:Failed to initialize notify2: org.freedesktop.DBus.Error.NotSupported: Unable to autolaunch a dbus-daemon without a $DISPLAY for X11
[7.267s] DEBUG:colcon.colcon_core.event_reactor:joined thread
[7.323s] INFO:colcon.colcon_core.shell:Creating prefix script '/home/racecar/racecar_ws/src/path_planning/install/local_setup.ps1'
[7.328s] INFO:colcon.colcon_core.shell:Creating prefix util module '/home/racecar/racecar_ws/src/path_planning/install/_local_setup_util_ps1.py'
[7.334s] INFO:colcon.colcon_core.shell:Creating prefix chain script '/home/racecar/racecar_ws/src/path_planning/install/setup.ps1'
[7.410s] INFO:colcon.colcon_core.shell:Creating prefix script '/home/racecar/racecar_ws/src/path_planning/install/local_setup.sh'
[7.414s] INFO:colcon.colcon_core.shell:Creating prefix util module '/home/racecar/racecar_ws/src/path_planning/install/_local_setup_util_sh.py'
[7.419s] INFO:colcon.colcon_core.shell:Creating prefix chain script '/home/racecar/racecar_ws/src/path_planning/install/setup.sh'
[7.491s] INFO:colcon.colcon_core.shell:Creating prefix script '/home/racecar/racecar_ws/src/path_planning/install/local_setup.bash'
[7.494s] INFO:colcon.colcon_core.shell:Creating prefix chain script '/home/racecar/racecar_ws/src/path_planning/install/setup.bash'
[7.571s] INFO:colcon.colcon_core.shell:Creating prefix script '/home/racecar/racecar_ws/src/path_planning/install/local_setup.zsh'
[7.575s] INFO:colcon.colcon_core.shell:Creating prefix chain script '/home/racecar/racecar_ws/src/path_planning/install/setup.zsh'
