running egg_info
writing build/path_planning/path_planning.egg-info/PKG-INFO
writing dependency_links to build/path_planning/path_planning.egg-info/dependency_links.txt
writing entry points to build/path_planning/path_planning.egg-info/entry_points.txt
writing requirements to build/path_planning/path_planning.egg-info/requires.txt
writing top-level names to build/path_planning/path_planning.egg-info/top_level.txt
reading manifest file 'build/path_planning/path_planning.egg-info/SOURCES.txt'
writing manifest file 'build/path_planning/path_planning.egg-info/SOURCES.txt'
running build
running build_py
running install
running install_lib
running install_data
running install_egg_info
removing '/home/racecar/racecar_ws/src/path_planning/install/path_planning/lib/python3.8/site-packages/path_planning-0.0.0-py3.8.egg-info' (and everything under it)
Copying build/path_planning/path_planning.egg-info to /home/racecar/racecar_ws/src/path_planning/install/path_planning/lib/python3.8/site-packages/path_planning-0.0.0-py3.8.egg-info
running install_scripts
Installing trajectory_builder script to /home/racecar/racecar_ws/src/path_planning/install/path_planning/lib/path_planning
Installing trajectory_follower script to /home/racecar/racecar_ws/src/path_planning/install/path_planning/lib/path_planning
Installing trajectory_loader script to /home/racecar/racecar_ws/src/path_planning/install/path_planning/lib/path_planning
Installing trajectory_planner script to /home/racecar/racecar_ws/src/path_planning/install/path_planning/lib/path_planning
writing list of installed files to '/home/racecar/racecar_ws/src/path_planning/build/path_planning/install.log'
