[0.000000] (-) TimerEvent: {}
[0.001345] (path_planning) JobQueued: {'identifier': 'path_planning', 'dependencies': OrderedDict()}
[0.004734] (path_planning) JobStarted: {'identifier': 'path_planning'}
[0.098022] (-) TimerEvent: {}
[0.201693] (-) TimerEvent: {}
[0.306840] (-) TimerEvent: {}
[0.416108] (-) TimerEvent: {}
[0.517952] (-) TimerEvent: {}
[0.619365] (-) TimerEvent: {}
[0.730742] (-) TimerEvent: {}
[0.836769] (-) TimerEvent: {}
[0.943867] (-) TimerEvent: {}
[1.045486] (-) TimerEvent: {}
[1.147143] (-) TimerEvent: {}
[1.248710] (-) TimerEvent: {}
[1.350171] (-) TimerEvent: {}
[1.451783] (-) TimerEvent: {}
[1.555627] (-) TimerEvent: {}
[1.662189] (-) TimerEvent: {}
[1.767579] (-) TimerEvent: {}
[1.871764] (-) TimerEvent: {}
[1.975279] (-) TimerEvent: {}
[2.077515] (-) TimerEvent: {}
[2.178908] (-) TimerEvent: {}
[2.280404] (-) TimerEvent: {}
[2.382146] (-) TimerEvent: {}
[2.483475] (-) TimerEvent: {}
[2.585431] (-) TimerEvent: {}
[2.688433] (-) TimerEvent: {}
[2.791108] (-) TimerEvent: {}
[2.895033] (-) TimerEvent: {}
[2.996629] (-) TimerEvent: {}
[3.032613] (path_planning) Command: {'cmd': ['/usr/bin/python3', 'setup.py', 'egg_info', '--egg-base', 'build/path_planning', 'build', '--build-base', '/home/racecar/racecar_ws/src/path_planning/build/path_planning/build', 'install', '--record', '/home/racecar/racecar_ws/src/path_planning/build/path_planning/install.log', '--install-scripts', '$base/lib/path_planning', '--single-version-externally-managed'], 'cwd': '/home/racecar/racecar_ws/src/path_planning', 'env': {'PYTHONIOENCODING': 'utf-8', 'HOSTNAME': '7ad6957a439e', 'ROS_PACKAGE_PATH': '/home/racecar/racecar_ws/install/final_racecar_simulator/share:/home/racecar/racecar_ws/src/final_challenge2024/city_driving/final_racecar_simulator/install/final_racecar_simulator/share', 'SHLVL': '1', 'LD_LIBRARY_PATH': '/home/racecar/racecar_ws/install/vs_msgs/lib:/home/racecar/racecar_ws/install/custom_msgs/lib:/opt/ros/foxy/opt/yaml_cpp_vendor/lib:/opt/ros/foxy/opt/rviz_ogre_vendor/lib:/opt/ros/foxy/lib/x86_64-linux-gnu:/opt/ros/foxy/lib', 'HOME': '/home/racecar', 'OLDPWD': '/home/racecar/racecar_ws/src', 'ROS_PYTHON_VERSION': '3', 'COLCON_PREFIX_PATH': '/home/racecar/racecar_ws/src/final_challenge2024/city_driving/map_launch/install:/home/racecar/racecar_ws/install:/home/racecar/racecar_ws/src/final_challenge2024/city_driving/final_racecar_simulator/install:/home/sim_ws/install', 'ROS_DISTRO': 'foxy', '_': '/usr/bin/colcon', 'ROS_VERSION': '2', 'PKG_CONFIG_PATH': '/home/racecar/racecar_ws/install/final_racecar_simulator/lib/x86_64-linux-gnu/pkgconfig:/home/racecar/racecar_ws/install/final_racecar_simulator/lib/pkgconfig:/home/racecar/racecar_ws/src/final_challenge2024/city_driving/final_racecar_simulator/install/final_racecar_simulator/lib/x86_64-linux-gnu/pkgconfig:/home/racecar/racecar_ws/src/final_challenge2024/city_driving/final_racecar_simulator/install/final_racecar_simulator/lib/pkgconfig', 'TERM': 'xterm', 'ROS_LOCALHOST_ONLY': '0', 'PATH': '/opt/ros/foxy/bin:/usr/local/sbin:/usr/local/bin:/usr/sbin:/usr/bin:/sbin:/bin', 'LANG': 'en_US.UTF-8', 'AMENT_PREFIX_PATH': '/home/sim_ws/install/racecar_simulator:/home/racecar/racecar_ws/install/wall_follower:/home/racecar/racecar_ws/install/visual_servoing:/home/racecar/racecar_ws/install/ros_exercises:/home/racecar/racecar_ws/install/path_planning:/home/racecar/racecar_ws/install/localization:/opt/ros/foxy', 'SIM_WS': '/home/sim_ws', 'PWD': '/home/racecar/racecar_ws/src/path_planning/build/path_planning', 'PYTHONPATH': '/home/racecar/racecar_ws/src/path_planning/build/path_planning/prefix_override:/home/racecar/racecar_ws/src/path_planning/install/path_planning/lib/python3.8/site-packages:/home/racecar/racecar_ws/build/wall_follower:/home/racecar/racecar_ws/install/wall_follower/lib/python3.8/site-packages:/home/racecar/racecar_ws/install/vs_msgs/lib/python3.8/site-packages:/home/racecar/racecar_ws/build/visual_servoing:/home/racecar/racecar_ws/install/visual_servoing/lib/python3.8/site-packages:/home/racecar/racecar_ws/build/ros_exercises:/home/racecar/racecar_ws/install/ros_exercises/lib/python3.8/site-packages:/home/racecar/racecar_ws/build/path_planning:/home/racecar/racecar_ws/install/path_planning/lib/python3.8/site-packages:/home/racecar/racecar_ws/build/localization:/home/racecar/racecar_ws/install/localization/lib/python3.8/site-packages:/home/racecar/racecar_ws/install/custom_msgs/lib/python3.8/site-packages:/opt/ros/foxy/lib/python3.8/site-packages', 'NO_VNC_VERSION': '1.4.0', 'COLCON': '1', 'CMAKE_PREFIX_PATH': '/home/sim_ws/install/racecar_simulator:/home/racecar/racecar_ws/install/vs_msgs:/home/racecar/racecar_ws/install/custom_msgs'}, 'shell': False}
[3.097154] (-) TimerEvent: {}
[3.199958] (-) TimerEvent: {}
[3.301219] (-) TimerEvent: {}
[3.402866] (-) TimerEvent: {}
[3.504360] (-) TimerEvent: {}
[3.605966] (-) TimerEvent: {}
[3.634022] (path_planning) StdoutLine: {'line': b'running egg_info\n'}
[3.639832] (path_planning) StdoutLine: {'line': b'writing build/path_planning/path_planning.egg-info/PKG-INFO\n'}
[3.646893] (path_planning) StdoutLine: {'line': b'writing dependency_links to build/path_planning/path_planning.egg-info/dependency_links.txt\n'}
[3.660703] (path_planning) StdoutLine: {'line': b'writing entry points to build/path_planning/path_planning.egg-info/entry_points.txt\n'}
[3.667017] (path_planning) StdoutLine: {'line': b'writing requirements to build/path_planning/path_planning.egg-info/requires.txt\n'}
[3.674337] (path_planning) StdoutLine: {'line': b'writing top-level names to build/path_planning/path_planning.egg-info/top_level.txt\n'}
[3.706417] (-) TimerEvent: {}
[3.808351] (-) TimerEvent: {}
[3.816529] (path_planning) StdoutLine: {'line': b"reading manifest file 'build/path_planning/path_planning.egg-info/SOURCES.txt'\n"}
[3.857776] (path_planning) StdoutLine: {'line': b"writing manifest file 'build/path_planning/path_planning.egg-info/SOURCES.txt'\n"}
[3.865885] (path_planning) StdoutLine: {'line': b'running build\n'}
[3.870403] (path_planning) StdoutLine: {'line': b'running build_py\n'}
[3.887171] (path_planning) StdoutLine: {'line': b'running install\n'}
[3.897948] (path_planning) StdoutLine: {'line': b'running install_lib\n'}
[3.908519] (-) TimerEvent: {}
[3.913188] (path_planning) StdoutLine: {'line': b'running install_data\n'}
[3.932064] (path_planning) StdoutLine: {'line': b'copying launch/sim/sim_plan.launch.xml -> /home/racecar/racecar_ws/src/path_planning/install/path_planning/share/path_planning/launch/sim\n'}
[3.961427] (path_planning) StdoutLine: {'line': b'running install_egg_info\n'}
[3.967055] (path_planning) StdoutLine: {'line': b"removing '/home/racecar/racecar_ws/src/path_planning/install/path_planning/lib/python3.8/site-packages/path_planning-0.0.0-py3.8.egg-info' (and everything under it)\n"}
[3.986440] (path_planning) StdoutLine: {'line': b'Copying build/path_planning/path_planning.egg-info to /home/racecar/racecar_ws/src/path_planning/install/path_planning/lib/python3.8/site-packages/path_planning-0.0.0-py3.8.egg-info\n'}
[4.008886] (-) TimerEvent: {}
[4.110830] (-) TimerEvent: {}
[4.150448] (path_planning) StdoutLine: {'line': b'running install_scripts\n'}
[4.206999] (path_planning) StdoutLine: {'line': b'Installing trajectory_builder script to /home/racecar/racecar_ws/src/path_planning/install/path_planning/lib/path_planning\n'}
[4.213321] (-) TimerEvent: {}
[4.225965] (path_planning) StdoutLine: {'line': b'Installing trajectory_follower script to /home/racecar/racecar_ws/src/path_planning/install/path_planning/lib/path_planning\n'}
[4.256471] (path_planning) StdoutLine: {'line': b'Installing trajectory_loader script to /home/racecar/racecar_ws/src/path_planning/install/path_planning/lib/path_planning\n'}
[4.275492] (path_planning) StdoutLine: {'line': b'Installing trajectory_planner script to /home/racecar/racecar_ws/src/path_planning/install/path_planning/lib/path_planning\n'}
[4.295915] (path_planning) StdoutLine: {'line': b"writing list of installed files to '/home/racecar/racecar_ws/src/path_planning/build/path_planning/install.log'\n"}
[4.313631] (-) TimerEvent: {}
[4.400759] (path_planning) CommandEnded: {'returncode': 0}
[4.414413] (-) TimerEvent: {}
[4.517680] (-) TimerEvent: {}
[4.620638] (-) TimerEvent: {}
[4.723208] (-) TimerEvent: {}
[4.833452] (-) TimerEvent: {}
[4.937721] (-) TimerEvent: {}
[4.959154] (path_planning) JobEnded: {'identifier': 'path_planning', 'rc': 0}
[4.970208] (-) EventReactorShutdown: {}
