[3.264s] DEBUG:colcon:Command line arguments: ['/usr/bin/colcon', 'build']
[3.266s] DEBUG:colcon:Parsed command line arguments: Namespace(ament_cmake_args=None, base_paths=['.'], build_base='build', catkin_cmake_args=None, catkin_skip_building_tests=False, cmake_args=None, cmake_clean_cache=False, cmake_clean_first=False, cmake_force_configure=False, cmake_target=None, cmake_target_skip_unavailable=False, continue_on_error=False, event_handlers=None, executor='parallel', ignore_user_meta=False, install_base='install', log_base=None, log_level=None, main=<bound method BuildVerb.main of <colcon_core.verb.build.BuildVerb object at 0x7f47be913a30>>, merge_install=False, metas=['./colcon.meta'], packages_above=None, packages_above_and_dependencies=None, packages_above_depth=None, packages_end=None, packages_ignore=None, packages_ignore_regex=None, packages_select=None, packages_select_build_failed=False, packages_select_by_dep=None, packages_select_regex=None, packages_select_test_failures=False, packages_skip=None, packages_skip_build_finished=False, packages_skip_by_dep=None, packages_skip_regex=None, packages_skip_test_passed=False, packages_skip_up_to=None, packages_start=None, packages_up_to=None, packages_up_to_regex=None, parallel_workers=6, paths=None, symlink_install=False, test_result_base=None, verb_extension=<colcon_core.verb.build.BuildVerb object at 0x7f47be913a30>, verb_name='build', verb_parser=<colcon_defaults.argument_parser.defaults.DefaultArgumentsDecorator object at 0x7f47be50b640>)
[3.545s] Level 1:colcon.colcon_core.package_discovery:discover_packages(colcon_meta) check parameters
[3.550s] Level 1:colcon.colcon_core.package_discovery:discover_packages(recursive) check parameters
[3.552s] Level 1:colcon.colcon_core.package_discovery:discover_packages(ignore) check parameters
[3.554s] Level 1:colcon.colcon_core.package_discovery:discover_packages(path) check parameters
[3.556s] Level 1:colcon.colcon_core.package_discovery:discover_packages(colcon_meta) discover
[3.559s] Level 1:colcon.colcon_core.package_discovery:discover_packages(recursive) discover
[3.561s] INFO:colcon.colcon_core.package_discovery:Crawling recursively for packages in '/home/racecar/racecar_ws/src/path_planning'
[3.563s] Level 1:colcon.colcon_core.package_identification:_identify(.) by extensions ['ignore', 'ignore_ament_install']
[3.566s] Level 1:colcon.colcon_core.package_identification:_identify(.) by extension 'ignore'
[3.570s] Level 1:colcon.colcon_core.package_identification:_identify(.) by extension 'ignore_ament_install'
[3.576s] Level 1:colcon.colcon_core.package_identification:_identify(.) by extensions ['colcon_pkg']
[3.577s] Level 1:colcon.colcon_core.package_identification:_identify(.) by extension 'colcon_pkg'
[3.580s] Level 1:colcon.colcon_core.package_identification:_identify(.) by extensions ['colcon_meta']
[3.582s] Level 1:colcon.colcon_core.package_identification:_identify(.) by extension 'colcon_meta'
[3.583s] Level 1:colcon.colcon_core.package_identification:_identify(.) by extensions ['ros']
[3.585s] Level 1:colcon.colcon_core.package_identification:_identify(.) by extension 'ros'
[3.629s] DEBUG:colcon.colcon_core.package_identification:Package '.' with type 'ros.ament_python' and name 'path_planning'
[3.630s] Level 1:colcon.colcon_core.package_discovery:discover_packages(recursive) using defaults
[3.631s] Level 1:colcon.colcon_core.package_discovery:discover_packages(ignore) discover
[3.633s] Level 1:colcon.colcon_core.package_discovery:discover_packages(ignore) using defaults
[3.633s] Level 1:colcon.colcon_core.package_discovery:discover_packages(path) discover
[3.634s] Level 1:colcon.colcon_core.package_discovery:discover_packages(path) using defaults
[4.034s] Level 5:colcon.colcon_core.verb:set package 'path_planning' build argument 'cmake_args' from command line to 'None'
[4.035s] Level 5:colcon.colcon_core.verb:set package 'path_planning' build argument 'cmake_target' from command line to 'None'
[4.036s] Level 5:colcon.colcon_core.verb:set package 'path_planning' build argument 'cmake_target_skip_unavailable' from command line to 'False'
[4.041s] Level 5:colcon.colcon_core.verb:set package 'path_planning' build argument 'cmake_clean_cache' from command line to 'False'
[4.042s] Level 5:colcon.colcon_core.verb:set package 'path_planning' build argument 'cmake_clean_first' from command line to 'False'
[4.043s] Level 5:colcon.colcon_core.verb:set package 'path_planning' build argument 'cmake_force_configure' from command line to 'False'
[4.044s] Level 5:colcon.colcon_core.verb:set package 'path_planning' build argument 'ament_cmake_args' from command line to 'None'
[4.044s] Level 5:colcon.colcon_core.verb:set package 'path_planning' build argument 'catkin_cmake_args' from command line to 'None'
[4.045s] Level 5:colcon.colcon_core.verb:set package 'path_planning' build argument 'catkin_skip_building_tests' from command line to 'False'
[4.046s] DEBUG:colcon.colcon_core.verb:Building package 'path_planning' with the following arguments: {'ament_cmake_args': None, 'build_base': '/home/racecar/racecar_ws/src/path_planning/build/path_planning', 'catkin_cmake_args': None, 'catkin_skip_building_tests': False, 'cmake_args': None, 'cmake_clean_cache': False, 'cmake_clean_first': False, 'cmake_force_configure': False, 'cmake_target': None, 'cmake_target_skip_unavailable': False, 'install_base': '/home/racecar/racecar_ws/src/path_planning/install/path_planning', 'merge_install': False, 'path': '/home/racecar/racecar_ws/src/path_planning', 'symlink_install': False, 'test_result_base': None}
[4.119s] INFO:colcon.colcon_core.executor:Executing jobs using 'parallel' executor
[4.189s] DEBUG:colcon.colcon_parallel_executor.executor.parallel:run_until_complete
[4.190s] INFO:colcon.colcon_ros.task.ament_python.build:Building ROS package in '/home/racecar/racecar_ws/src/path_planning' with build type 'ament_python'
[4.191s] Level 1:colcon.colcon_core.shell:create_environment_hook('path_planning', 'ament_prefix_path')
[4.370s] INFO:colcon.colcon_core.plugin_system:Skipping extension 'colcon_core.shell.bat': Not used on non-Windows systems
[4.372s] INFO:colcon.colcon_core.shell:Creating environment hook '/home/racecar/racecar_ws/src/path_planning/install/path_planning/share/path_planning/hook/ament_prefix_path.ps1'
[4.382s] INFO:colcon.colcon_core.shell:Creating environment descriptor '/home/racecar/racecar_ws/src/path_planning/install/path_planning/share/path_planning/hook/ament_prefix_path.dsv'
[4.397s] INFO:colcon.colcon_core.shell:Creating environment hook '/home/racecar/racecar_ws/src/path_planning/install/path_planning/share/path_planning/hook/ament_prefix_path.sh'
[4.525s] INFO:colcon.colcon_core.shell:Skip shell extension 'powershell' for command environment: Not usable outside of PowerShell
[4.527s] DEBUG:colcon.colcon_core.shell:Skip shell extension 'dsv' for command environment
[5.706s] INFO:colcon.colcon_core.task.python.build:Building Python package in '/home/racecar/racecar_ws/src/path_planning'
[5.764s] INFO:colcon.colcon_core.shell:Skip shell extension 'powershell' for command environment: Not usable outside of PowerShell
[5.765s] DEBUG:colcon.colcon_core.shell:Skip shell extension 'dsv' for command environment
[7.262s] DEBUG:colcon.colcon_core.event_handler.log_command:Invoking command in '/home/racecar/racecar_ws/src/path_planning': PYTHONPATH=/home/racecar/racecar_ws/src/path_planning/build/path_planning/prefix_override:/home/racecar/racecar_ws/src/path_planning/install/path_planning/lib/python3.8/site-packages:${PYTHONPATH} /usr/bin/python3 setup.py egg_info --egg-base build/path_planning build --build-base /home/racecar/racecar_ws/src/path_planning/build/path_planning/build install --record /home/racecar/racecar_ws/src/path_planning/build/path_planning/install.log --install-scripts $base/lib/path_planning --single-version-externally-managed
[8.600s] DEBUG:colcon.colcon_core.event_handler.log_command:Invoked command in '/home/racecar/racecar_ws/src/path_planning' returned '0': PYTHONPATH=/home/racecar/racecar_ws/src/path_planning/build/path_planning/prefix_override:/home/racecar/racecar_ws/src/path_planning/install/path_planning/lib/python3.8/site-packages:${PYTHONPATH} /usr/bin/python3 setup.py egg_info --egg-base build/path_planning build --build-base /home/racecar/racecar_ws/src/path_planning/build/path_planning/build install --record /home/racecar/racecar_ws/src/path_planning/build/path_planning/install.log --install-scripts $base/lib/path_planning --single-version-externally-managed
[8.732s] Level 1:colcon.colcon_core.environment:checking '/home/racecar/racecar_ws/src/path_planning/install/path_planning' for CMake module files
[8.771s] Level 1:colcon.colcon_core.environment:checking '/home/racecar/racecar_ws/src/path_planning/install/path_planning' for CMake config files
[8.794s] Level 1:colcon.colcon_core.environment:checking '/home/racecar/racecar_ws/src/path_planning/install/path_planning/lib'
[8.796s] Level 1:colcon.colcon_core.environment:checking '/home/racecar/racecar_ws/src/path_planning/install/path_planning/bin'
[8.798s] Level 1:colcon.colcon_core.environment:checking '/home/racecar/racecar_ws/src/path_planning/install/path_planning/lib/pkgconfig/path_planning.pc'
[8.801s] Level 1:colcon.colcon_core.environment:checking '/home/racecar/racecar_ws/src/path_planning/install/path_planning/lib/python3.8/site-packages'
[8.802s] Level 1:colcon.colcon_core.shell:create_environment_hook('path_planning', 'pythonpath')
[8.910s] INFO:colcon.colcon_core.shell:Creating environment hook '/home/racecar/racecar_ws/src/path_planning/install/path_planning/share/path_planning/hook/pythonpath.ps1'
[8.923s] INFO:colcon.colcon_core.shell:Creating environment descriptor '/home/racecar/racecar_ws/src/path_planning/install/path_planning/share/path_planning/hook/pythonpath.dsv'
[8.939s] INFO:colcon.colcon_core.shell:Creating environment hook '/home/racecar/racecar_ws/src/path_planning/install/path_planning/share/path_planning/hook/pythonpath.sh'
[8.952s] Level 1:colcon.colcon_core.environment:checking '/home/racecar/racecar_ws/src/path_planning/install/path_planning/bin'
[8.954s] Level 1:colcon.colcon_core.environment:create_environment_scripts_only(path_planning)
[9.075s] INFO:colcon.colcon_core.shell:Creating package script '/home/racecar/racecar_ws/src/path_planning/install/path_planning/share/path_planning/package.ps1'
[9.089s] INFO:colcon.colcon_core.shell:Creating package descriptor '/home/racecar/racecar_ws/src/path_planning/install/path_planning/share/path_planning/package.dsv'
[9.102s] INFO:colcon.colcon_core.shell:Creating package script '/home/racecar/racecar_ws/src/path_planning/install/path_planning/share/path_planning/package.sh'
[9.113s] INFO:colcon.colcon_core.shell:Creating package script '/home/racecar/racecar_ws/src/path_planning/install/path_planning/share/path_planning/package.bash'
[9.128s] INFO:colcon.colcon_core.shell:Creating package script '/home/racecar/racecar_ws/src/path_planning/install/path_planning/share/path_planning/package.zsh'
[9.142s] Level 1:colcon.colcon_core.environment:create_file_with_runtime_dependencies(/home/racecar/racecar_ws/src/path_planning/install/path_planning/share/colcon-core/packages/path_planning)
[9.151s] DEBUG:colcon.colcon_parallel_executor.executor.parallel:closing loop
[9.152s] DEBUG:colcon.colcon_parallel_executor.executor.parallel:loop closed
[9.153s] DEBUG:colcon.colcon_parallel_executor.executor.parallel:run_until_complete finished with '0'
[9.154s] DEBUG:colcon.colcon_core.event_reactor:joining thread
[9.289s] INFO:colcon.colcon_core.plugin_system:Skipping extension 'colcon_notification.desktop_notification.notify_send': Could not find 'notify-send'
[9.291s] INFO:colcon.colcon_core.plugin_system:Skipping extension 'colcon_notification.desktop_notification.terminal_notifier': Not used on non-Darwin systems
[9.292s] INFO:colcon.colcon_core.plugin_system:Skipping extension 'colcon_notification.desktop_notification.win32': Not used on non-Windows systems
[9.293s] INFO:colcon.colcon_notification.desktop_notification:Sending desktop notification using 'notify2'
[9.295s] DEBUG:colcon.colcon_notification.desktop_notification.notify2:Failed to initialize notify2: org.freedesktop.DBus.Error.NotSupported: Unable to autolaunch a dbus-daemon without a $DISPLAY for X11
[9.297s] DEBUG:colcon.colcon_core.event_reactor:joined thread
[9.361s] INFO:colcon.colcon_core.shell:Creating prefix script '/home/racecar/racecar_ws/src/path_planning/install/local_setup.ps1'
[9.371s] INFO:colcon.colcon_core.shell:Creating prefix util module '/home/racecar/racecar_ws/src/path_planning/install/_local_setup_util_ps1.py'
[9.379s] INFO:colcon.colcon_core.shell:Creating prefix chain script '/home/racecar/racecar_ws/src/path_planning/install/setup.ps1'
[9.455s] INFO:colcon.colcon_core.shell:Creating prefix script '/home/racecar/racecar_ws/src/path_planning/install/local_setup.sh'
[9.463s] INFO:colcon.colcon_core.shell:Creating prefix util module '/home/racecar/racecar_ws/src/path_planning/install/_local_setup_util_sh.py'
[9.470s] INFO:colcon.colcon_core.shell:Creating prefix chain script '/home/racecar/racecar_ws/src/path_planning/install/setup.sh'
[9.551s] INFO:colcon.colcon_core.shell:Creating prefix script '/home/racecar/racecar_ws/src/path_planning/install/local_setup.bash'
[9.558s] INFO:colcon.colcon_core.shell:Creating prefix chain script '/home/racecar/racecar_ws/src/path_planning/install/setup.bash'
[9.640s] INFO:colcon.colcon_core.shell:Creating prefix script '/home/racecar/racecar_ws/src/path_planning/install/local_setup.zsh'
[9.649s] INFO:colcon.colcon_core.shell:Creating prefix chain script '/home/racecar/racecar_ws/src/path_planning/install/setup.zsh'
