[3.618s] DEBUG:colcon:Command line arguments: ['/usr/bin/colcon', 'build']
[3.619s] DEBUG:colcon:Parsed command line arguments: Namespace(ament_cmake_args=None, base_paths=['.'], build_base='build', catkin_cmake_args=None, catkin_skip_building_tests=False, cmake_args=None, cmake_clean_cache=False, cmake_clean_first=False, cmake_force_configure=False, cmake_target=None, cmake_target_skip_unavailable=False, continue_on_error=False, event_handlers=None, executor='parallel', ignore_user_meta=False, install_base='install', log_base=None, log_level=None, main=<bound method BuildVerb.main of <colcon_core.verb.build.BuildVerb object at 0x7fc6ef6cf250>>, merge_install=False, metas=['./colcon.meta'], packages_above=None, packages_above_and_dependencies=None, packages_above_depth=None, packages_end=None, packages_ignore=None, packages_ignore_regex=None, packages_select=None, packages_select_build_failed=False, packages_select_by_dep=None, packages_select_regex=None, packages_select_test_failures=False, packages_skip=None, packages_skip_build_finished=False, packages_skip_by_dep=None, packages_skip_regex=None, packages_skip_test_passed=False, packages_skip_up_to=None, packages_start=None, packages_up_to=None, packages_up_to_regex=None, parallel_workers=6, paths=None, symlink_install=False, test_result_base=None, verb_extension=<colcon_core.verb.build.BuildVerb object at 0x7fc6ef6cf250>, verb_name='build', verb_parser=<colcon_defaults.argument_parser.defaults.DefaultArgumentsDecorator object at 0x7fc6ef6cf730>)
[3.820s] Level 1:colcon.colcon_core.package_discovery:discover_packages(colcon_meta) check parameters
[3.824s] Level 1:colcon.colcon_core.package_discovery:discover_packages(recursive) check parameters
[3.825s] Level 1:colcon.colcon_core.package_discovery:discover_packages(ignore) check parameters
[3.825s] Level 1:colcon.colcon_core.package_discovery:discover_packages(path) check parameters
[3.826s] Level 1:colcon.colcon_core.package_discovery:discover_packages(colcon_meta) discover
[3.827s] Level 1:colcon.colcon_core.package_discovery:discover_packages(recursive) discover
[3.828s] INFO:colcon.colcon_core.package_discovery:Crawling recursively for packages in '/home/racecar/racecar_ws/src/path_planning'
[3.829s] Level 1:colcon.colcon_core.package_identification:_identify(.) by extensions ['ignore', 'ignore_ament_install']
[3.830s] Level 1:colcon.colcon_core.package_identification:_identify(.) by extension 'ignore'
[3.831s] Level 1:colcon.colcon_core.package_identification:_identify(.) by extension 'ignore_ament_install'
[3.834s] Level 1:colcon.colcon_core.package_identification:_identify(.) by extensions ['colcon_pkg']
[3.834s] Level 1:colcon.colcon_core.package_identification:_identify(.) by extension 'colcon_pkg'
[3.836s] Level 1:colcon.colcon_core.package_identification:_identify(.) by extensions ['colcon_meta']
[3.837s] Level 1:colcon.colcon_core.package_identification:_identify(.) by extension 'colcon_meta'
[3.837s] Level 1:colcon.colcon_core.package_identification:_identify(.) by extensions ['ros']
[3.838s] Level 1:colcon.colcon_core.package_identification:_identify(.) by extension 'ros'
[3.862s] DEBUG:colcon.colcon_core.package_identification:Package '.' with type 'ros.ament_python' and name 'path_planning'
[3.862s] Level 1:colcon.colcon_core.package_discovery:discover_packages(recursive) using defaults
[3.863s] Level 1:colcon.colcon_core.package_discovery:discover_packages(ignore) discover
[3.864s] Level 1:colcon.colcon_core.package_discovery:discover_packages(ignore) using defaults
[3.865s] Level 1:colcon.colcon_core.package_discovery:discover_packages(path) discover
[3.865s] Level 1:colcon.colcon_core.package_discovery:discover_packages(path) using defaults
[4.220s] Level 5:colcon.colcon_core.verb:set package 'path_planning' build argument 'cmake_args' from command line to 'None'
[4.221s] Level 5:colcon.colcon_core.verb:set package 'path_planning' build argument 'cmake_target' from command line to 'None'
[4.222s] Level 5:colcon.colcon_core.verb:set package 'path_planning' build argument 'cmake_target_skip_unavailable' from command line to 'False'
[4.223s] Level 5:colcon.colcon_core.verb:set package 'path_planning' build argument 'cmake_clean_cache' from command line to 'False'
[4.224s] Level 5:colcon.colcon_core.verb:set package 'path_planning' build argument 'cmake_clean_first' from command line to 'False'
[4.225s] Level 5:colcon.colcon_core.verb:set package 'path_planning' build argument 'cmake_force_configure' from command line to 'False'
[4.226s] Level 5:colcon.colcon_core.verb:set package 'path_planning' build argument 'ament_cmake_args' from command line to 'None'
[4.227s] Level 5:colcon.colcon_core.verb:set package 'path_planning' build argument 'catkin_cmake_args' from command line to 'None'
[4.228s] Level 5:colcon.colcon_core.verb:set package 'path_planning' build argument 'catkin_skip_building_tests' from command line to 'False'
[4.229s] DEBUG:colcon.colcon_core.verb:Building package 'path_planning' with the following arguments: {'ament_cmake_args': None, 'build_base': '/home/racecar/racecar_ws/src/path_planning/build/path_planning', 'catkin_cmake_args': None, 'catkin_skip_building_tests': False, 'cmake_args': None, 'cmake_clean_cache': False, 'cmake_clean_first': False, 'cmake_force_configure': False, 'cmake_target': None, 'cmake_target_skip_unavailable': False, 'install_base': '/home/racecar/racecar_ws/src/path_planning/install/path_planning', 'merge_install': False, 'path': '/home/racecar/racecar_ws/src/path_planning', 'symlink_install': False, 'test_result_base': None}
[4.321s] INFO:colcon.colcon_core.executor:Executing jobs using 'parallel' executor
[4.410s] DEBUG:colcon.colcon_parallel_executor.executor.parallel:run_until_complete
[4.412s] INFO:colcon.colcon_ros.task.ament_python.build:Building ROS package in '/home/racecar/racecar_ws/src/path_planning' with build type 'ament_python'
[4.414s] Level 1:colcon.colcon_core.shell:create_environment_hook('path_planning', 'ament_prefix_path')
[4.532s] INFO:colcon.colcon_core.plugin_system:Skipping extension 'colcon_core.shell.bat': Not used on non-Windows systems
[4.534s] INFO:colcon.colcon_core.shell:Creating environment hook '/home/racecar/racecar_ws/src/path_planning/install/path_planning/share/path_planning/hook/ament_prefix_path.ps1'
[4.546s] INFO:colcon.colcon_core.shell:Creating environment descriptor '/home/racecar/racecar_ws/src/path_planning/install/path_planning/share/path_planning/hook/ament_prefix_path.dsv'
[4.557s] INFO:colcon.colcon_core.shell:Creating environment hook '/home/racecar/racecar_ws/src/path_planning/install/path_planning/share/path_planning/hook/ament_prefix_path.sh'
[4.642s] INFO:colcon.colcon_core.shell:Skip shell extension 'powershell' for command environment: Not usable outside of PowerShell
[4.644s] DEBUG:colcon.colcon_core.shell:Skip shell extension 'dsv' for command environment
[5.902s] INFO:colcon.colcon_core.task.python.build:Building Python package in '/home/racecar/racecar_ws/src/path_planning'
[5.966s] INFO:colcon.colcon_core.shell:Skip shell extension 'powershell' for command environment: Not usable outside of PowerShell
[5.967s] DEBUG:colcon.colcon_core.shell:Skip shell extension 'dsv' for command environment
[7.252s] DEBUG:colcon.colcon_core.event_handler.log_command:Invoking command in '/home/racecar/racecar_ws/src/path_planning': PYTHONPATH=/home/racecar/racecar_ws/src/path_planning/build/path_planning/prefix_override:/home/racecar/racecar_ws/src/path_planning/install/path_planning/lib/python3.8/site-packages:${PYTHONPATH} /usr/bin/python3 setup.py egg_info --egg-base build/path_planning build --build-base /home/racecar/racecar_ws/src/path_planning/build/path_planning/build install --record /home/racecar/racecar_ws/src/path_planning/build/path_planning/install.log --install-scripts $base/lib/path_planning --single-version-externally-managed
[8.623s] DEBUG:colcon.colcon_core.event_handler.log_command:Invoked command in '/home/racecar/racecar_ws/src/path_planning' returned '0': PYTHONPATH=/home/racecar/racecar_ws/src/path_planning/build/path_planning/prefix_override:/home/racecar/racecar_ws/src/path_planning/install/path_planning/lib/python3.8/site-packages:${PYTHONPATH} /usr/bin/python3 setup.py egg_info --egg-base build/path_planning build --build-base /home/racecar/racecar_ws/src/path_planning/build/path_planning/build install --record /home/racecar/racecar_ws/src/path_planning/build/path_planning/install.log --install-scripts $base/lib/path_planning --single-version-externally-managed
[8.704s] Level 1:colcon.colcon_core.environment:checking '/home/racecar/racecar_ws/src/path_planning/install/path_planning' for CMake module files
[8.728s] Level 1:colcon.colcon_core.environment:checking '/home/racecar/racecar_ws/src/path_planning/install/path_planning' for CMake config files
[8.740s] Level 1:colcon.colcon_core.environment:checking '/home/racecar/racecar_ws/src/path_planning/install/path_planning/lib'
[8.741s] Level 1:colcon.colcon_core.environment:checking '/home/racecar/racecar_ws/src/path_planning/install/path_planning/bin'
[8.742s] Level 1:colcon.colcon_core.environment:checking '/home/racecar/racecar_ws/src/path_planning/install/path_planning/lib/pkgconfig/path_planning.pc'
[8.744s] Level 1:colcon.colcon_core.environment:checking '/home/racecar/racecar_ws/src/path_planning/install/path_planning/lib/python3.8/site-packages'
[8.745s] Level 1:colcon.colcon_core.shell:create_environment_hook('path_planning', 'pythonpath')
[8.799s] INFO:colcon.colcon_core.shell:Creating environment hook '/home/racecar/racecar_ws/src/path_planning/install/path_planning/share/path_planning/hook/pythonpath.ps1'
[8.809s] INFO:colcon.colcon_core.shell:Creating environment descriptor '/home/racecar/racecar_ws/src/path_planning/install/path_planning/share/path_planning/hook/pythonpath.dsv'
[8.816s] INFO:colcon.colcon_core.shell:Creating environment hook '/home/racecar/racecar_ws/src/path_planning/install/path_planning/share/path_planning/hook/pythonpath.sh'
[8.824s] Level 1:colcon.colcon_core.environment:checking '/home/racecar/racecar_ws/src/path_planning/install/path_planning/bin'
[8.825s] Level 1:colcon.colcon_core.environment:create_environment_scripts_only(path_planning)
[8.890s] INFO:colcon.colcon_core.shell:Creating package script '/home/racecar/racecar_ws/src/path_planning/install/path_planning/share/path_planning/package.ps1'
[8.898s] INFO:colcon.colcon_core.shell:Creating package descriptor '/home/racecar/racecar_ws/src/path_planning/install/path_planning/share/path_planning/package.dsv'
[8.909s] INFO:colcon.colcon_core.shell:Creating package script '/home/racecar/racecar_ws/src/path_planning/install/path_planning/share/path_planning/package.sh'
[8.917s] INFO:colcon.colcon_core.shell:Creating package script '/home/racecar/racecar_ws/src/path_planning/install/path_planning/share/path_planning/package.bash'
[8.925s] INFO:colcon.colcon_core.shell:Creating package script '/home/racecar/racecar_ws/src/path_planning/install/path_planning/share/path_planning/package.zsh'
[8.933s] Level 1:colcon.colcon_core.environment:create_file_with_runtime_dependencies(/home/racecar/racecar_ws/src/path_planning/install/path_planning/share/colcon-core/packages/path_planning)
[8.942s] DEBUG:colcon.colcon_parallel_executor.executor.parallel:closing loop
[8.943s] DEBUG:colcon.colcon_parallel_executor.executor.parallel:loop closed
[8.944s] DEBUG:colcon.colcon_parallel_executor.executor.parallel:run_until_complete finished with '0'
[8.946s] DEBUG:colcon.colcon_core.event_reactor:joining thread
[9.067s] INFO:colcon.colcon_core.plugin_system:Skipping extension 'colcon_notification.desktop_notification.notify_send': Could not find 'notify-send'
[9.070s] INFO:colcon.colcon_core.plugin_system:Skipping extension 'colcon_notification.desktop_notification.terminal_notifier': Not used on non-Darwin systems
[9.072s] INFO:colcon.colcon_core.plugin_system:Skipping extension 'colcon_notification.desktop_notification.win32': Not used on non-Windows systems
[9.073s] INFO:colcon.colcon_notification.desktop_notification:Sending desktop notification using 'notify2'
[9.075s] DEBUG:colcon.colcon_notification.desktop_notification.notify2:Failed to initialize notify2: org.freedesktop.DBus.Error.NotSupported: Unable to autolaunch a dbus-daemon without a $DISPLAY for X11
[9.078s] DEBUG:colcon.colcon_core.event_reactor:joined thread
[9.164s] INFO:colcon.colcon_core.shell:Creating prefix script '/home/racecar/racecar_ws/src/path_planning/install/local_setup.ps1'
[9.176s] INFO:colcon.colcon_core.shell:Creating prefix util module '/home/racecar/racecar_ws/src/path_planning/install/_local_setup_util_ps1.py'
[9.185s] INFO:colcon.colcon_core.shell:Creating prefix chain script '/home/racecar/racecar_ws/src/path_planning/install/setup.ps1'
[9.295s] INFO:colcon.colcon_core.shell:Creating prefix script '/home/racecar/racecar_ws/src/path_planning/install/local_setup.sh'
[9.301s] INFO:colcon.colcon_core.shell:Creating prefix util module '/home/racecar/racecar_ws/src/path_planning/install/_local_setup_util_sh.py'
[9.306s] INFO:colcon.colcon_core.shell:Creating prefix chain script '/home/racecar/racecar_ws/src/path_planning/install/setup.sh'
[9.381s] INFO:colcon.colcon_core.shell:Creating prefix script '/home/racecar/racecar_ws/src/path_planning/install/local_setup.bash'
[9.388s] INFO:colcon.colcon_core.shell:Creating prefix chain script '/home/racecar/racecar_ws/src/path_planning/install/setup.bash'
[9.474s] INFO:colcon.colcon_core.shell:Creating prefix script '/home/racecar/racecar_ws/src/path_planning/install/local_setup.zsh'
[9.481s] INFO:colcon.colcon_core.shell:Creating prefix chain script '/home/racecar/racecar_ws/src/path_planning/install/setup.zsh'
